IMU recieved! time:1631702797.916557312
IMU recieved! time:1631702797.926562309
IMU recieved! time:1631702797.936569452
IMU recieved! time:1631702797.946578503
left recieved!, time: 1631702797.889993668
IMU recieved! time:1631702797.956583500
IMU recieved! time:1631702797.966590405
IMU recieved! time:1631702797.976599455
IMU recieved! time:1631702797.986604691
IMU recieved! time:1631702797.996612310
DVL recieved! time:1631702798.011806726
IMU recieved! time:1631702798.006621599
IMU recieved! time:1631702798.016626835
IMU recieved! time:1631702798.026634216
IMU recieved! time:1631702798.036643028
right recieved!, time: 1631702797.986023903
IMU recieved! time:1631702798.046648264
no IMU measurement between Frames!
left recieved!, time: 1631702797.990113974
IMU recieved! time:1631702798.056655407
IMU recieved! time:1631702798.066664457
IMU recieved! time:1631702798.076669455
IMU recieved! time:1631702798.086676598
IMU recieved! time:1631702798.096685648
IMU recieved! time:1631702798.106691122
DVL recieved! time:1631702798.111814976
IMU recieved! time:1631702798.116698027
IMU recieved! time:1631702798.126707315
IMU recieved! time:1631702798.136718035
IMU recieved! time:1631702798.146725178
right recieved!, time: 1631702798.090422153
left recieved!, time: 1631702798.090211868
IMU recieved! time:1631702798.156734228
IMU recieved! time:1631702798.166739464
Track Stereo!
left image time: 1631702798.090211868
IMU[0] time: 1631702797.916557312
a: [0.000000000, 0.000000000, 0.000000000]
w: [-0.003647941, -0.019101458, -0.005551728]

IMU[1] time: 1631702797.926562309
a: [0.000000000, 0.000000000, 0.000000000]
w: [-0.003116099, -0.018211398, -0.005040468]

IMU[2] time: 1631702797.936569452
a: [0.000000000, 0.000000000, 0.000000000]
w: [-0.004012986, -0.018184906, -0.005548620]

IMU[3] time: 1631702797.946578503
a: [0.000000000, 0.000000000, 0.000000000]
w: [-0.003774308, -0.017327795, -0.004818846]

IMU[4] time: 1631702797.956583500
a: [0.000000000, 0.000000000, 0.000000000]
w: [-0.003208006, -0.018389771, -0.005138366]

IMU[5] time: 1631702797.966590405
a: [0.000000000, 0.000000000, 0.000000000]
w: [-0.002286685, -0.019053606, -0.005218373]

IMU[6] time: 1631702797.976599455
a: [0.000000000, 0.000000000, 0.000000000]
w: [-0.002851295, -0.018342929, -0.005431287]

IMU[7] time: 1631702797.986604691
a: [0.000000000, 0.000000000, 0.000000000]
w: [-0.002118202, -0.018689696, -0.005733442]

IMU[8] time: 1631702797.996612310
a: [0.000000000, 0.000000000, 0.000000000]
w: [-0.002945274, -0.018734118, -0.006513446]

IMU[9] time: 1631702798.006621599
a: [0.000000000, 0.000000000, 0.000000000]
w: [-0.002652523, -0.018033823, -0.006166001]

IMU[10] time: 1631702798.011806726
a: [-0.045113284, 0.081023864, 0.071056828]
w: [-0.001626203, -0.018371278, -0.005905068]

IMU[11] time: 1631702798.016626835
a: [0.000000000, 0.000000000, 0.000000000]
w: [-0.001626203, -0.018371278, -0.005905068]

IMU[12] time: 1631702798.026634216
a: [0.000000000, 0.000000000, 0.000000000]
w: [-0.002128814, -0.017867735, -0.006557803]

IMU[13] time: 1631702798.036643028
a: [0.000000000, 0.000000000, 0.000000000]
w: [-0.000942911, -0.017201768, -0.005763382]

IMU[14] time: 1631702798.046648264
a: [0.000000000, 0.000000000, 0.000000000]
w: [-0.002169031, -0.017581930, -0.005892240]

IMU[15] time: 1631702798.056655407
a: [0.000000000, 0.000000000, 0.000000000]
w: [-0.001872452, -0.018275578, -0.006061058]

IMU[16] time: 1631702798.066664457
a: [0.000000000, 0.000000000, 0.000000000]
w: [0.001541200, -0.017382672, -0.004928117]

IMU[17] time: 1631702798.076669455
a: [0.000000000, 0.000000000, 0.000000000]
w: [0.002590525, -0.017398432, -0.005456725]

IMU[18] time: 1631702798.086676598
a: [0.000000000, 0.000000000, 0.000000000]
w: [0.006388657, -0.017251370, -0.005874290]

DVL[0] time: 1631702798.011806726
[-0.045113284, 0.081023864, 0.071056828]

IMU recieved! time:1631702798.176746607
IMU recieved! time:1631702798.186755419
IMU recieved! time:1631702798.196760654
IMU recieved! time:1631702798.206767559
DVL recieved! time:1631702798.213818312
IMU recieved! time:1631702798.216776609
IMU recieved! time:1631702798.226781607
IMU recieved! time:1631702798.236788750
right recieved!, time: 1631702798.190539122
IMU recieved! time:1631702798.246797562
left recieved!, time: 1631702798.190425873
IMU recieved! time:1631702798.256802559
Track Stereo!
left image time: 1631702798.190425873
IMU[0] time: 1631702798.096685648
a: [0.000000000, 0.000000000, 0.000000000]
w: [0.019863298, -0.017278234, -0.005656611]

IMU[1] time: 1631702798.106691122
a: [0.000000000, 0.000000000, 0.000000000]
w: [0.034811541, -0.018061209, -0.004931064]

IMU[2] time: 1631702798.111814976
a: [-0.100832172, 0.086982056, 0.076982163]
w: [0.041746013, -0.018606052, -0.003787413]

IMU[3] time: 1631702798.116698027
a: [0.000000000, 0.000000000, 0.000000000]
w: [0.041746013, -0.018606052, -0.003787413]

IMU[4] time: 1631702798.126707315
a: [0.000000000, 0.000000000, 0.000000000]
w: [0.029725166, -0.021185888, -0.003390964]

IMU[5] time: 1631702798.136718035
a: [0.000000000, 0.000000000, 0.000000000]
w: [0.008917764, -0.023416836, -0.005750316]

IMU[6] time: 1631702798.146725178
a: [0.000000000, 0.000000000, 0.000000000]
w: [-0.016590130, -0.024702318, -0.007403060]

IMU[7] time: 1631702798.156734228
a: [0.000000000, 0.000000000, 0.000000000]
w: [-0.032460190, -0.025340244, -0.006119381]

IMU[8] time: 1631702798.166739464
a: [0.000000000, 0.000000000, 0.000000000]
w: [-0.032108407, -0.025337331, -0.006458359]

IMU[9] time: 1631702798.176746607
a: [0.000000000, 0.000000000, 0.000000000]
w: [-0.018765328, -0.024552409, -0.002451393]

IMU[10] time: 1631702798.186755419
a: [0.000000000, 0.000000000, 0.000000000]
w: [0.000170734, -0.025349990, -0.001786975]

DVL[0] time: 1631702798.111814976
[-0.100832172, 0.086982056, 0.076982163]

IMU recieved! time:1631702798.266809702
IMU recieved! time:1631702798.276818752
IMU recieved! time:1631702798.286823750
IMU recieved! time:1631702798.296830654
DVL recieved! time:1631702798.312581778
IMU recieved! time:1631702798.306839705
IMU recieved! time:1631702798.316844940
IMU recieved! time:1631702798.326852083
IMU recieved! time:1631702798.336861134
IMU recieved! time:1631702798.349869013
left recieved!, time: 1631702798.290279627
IMU recieved! time:1631702798.359879017
IMU recieved! time:1631702798.369885206
IMU recieved! time:1631702798.379893064
IMU recieved! time:1631702798.389896870
IMU recieved! time:1631702798.399903059
DVL recieved! time:1631702798.414395332
IMU recieved! time:1631702798.409911156
IMU recieved! time:1631702798.419914961
IMU recieved! time:1631702798.429920912
right recieved!, time: 1631702798.378764868
IMU recieved! time:1631702798.439929008
IMU recieved! time:1631702798.449933052
Track Stereo!
left image time: 1631702798.290279627
IMU[0] time: 1631702798.196760654
a: [0.000000000, 0.000000000, 0.000000000]
w: [0.010374631, -0.025055710, -0.001645155]

IMU[1] time: 1631702798.206767559
a: [0.000000000, 0.000000000, 0.000000000]
w: [0.011836808, -0.024633436, -0.004293611]

IMU[2] time: 1631702798.213818312
a: [-0.100832172, 0.086982056, 0.076982163]
w: [0.006416258, -0.027526094, -0.006343410]

IMU[3] time: 1631702798.216776609
a: [0.000000000, 0.000000000, 0.000000000]
w: [0.006416258, -0.027526094, -0.006343410]

IMU[4] time: 1631702798.226781607
a: [0.000000000, 0.000000000, 0.000000000]
w: [-0.000145733, -0.028792743, -0.005268777]

IMU[5] time: 1631702798.236788750
a: [0.000000000, 0.000000000, 0.000000000]
w: [-0.005299462, -0.032175738, -0.006807580]

IMU[6] time: 1631702798.246797562
a: [0.000000000, 0.000000000, 0.000000000]
w: [-0.005740735, -0.029384155, -0.001269612]

IMU[7] time: 1631702798.256802559
a: [0.000000000, 0.000000000, 0.000000000]
w: [-0.008632492, -0.029325562, -0.006619177]

IMU[8] time: 1631702798.266809702
a: [0.000000000, 0.000000000, 0.000000000]
w: [-0.007097311, -0.030866982, -0.004357146]

IMU[9] time: 1631702798.276818752
a: [0.000000000, 0.000000000, 0.000000000]
w: [-0.007663930, -0.033006866, -0.010368225]

IMU[10] time: 1631702798.286823750
a: [0.000000000, 0.000000000, 0.000000000]
w: [-0.000876704, -0.033471890, -0.007494913]

DVL[0] time: 1631702798.213818312
[-0.100832172, 0.086982056, 0.076982163]

left recieved!, time: 1631702798.390711546
IMU recieved! time:1631702798.459939003
IMU recieved! time:1631702798.469947100
IMU recieved! time:1631702798.479951382
IMU recieved! time:1631702798.489957094
right recieved!, time: 1631702798.392753124
IMU recieved! time:1631702798.499965191
Track Stereo!
left image time: 1631702798.390711546
IMU[0] time: 1631702798.296830654
a: [0.000000000, 0.000000000, 0.000000000]
w: [0.007049056, -0.035372976, -0.010495806]

IMU[1] time: 1631702798.306839705
a: [0.000000000, 0.000000000, 0.000000000]
w: [0.017120760, -0.035170376, -0.003342703]

IMU[2] time: 1631702798.312581778
a: [-0.101996310, 0.078028388, 0.030148350]
w: [0.018698912, -0.034386199, -0.009397326]

IMU[3] time: 1631702798.316844940
a: [0.000000000, 0.000000000, 0.000000000]
w: [0.018698912, -0.034386199, -0.009397326]

IMU[4] time: 1631702798.326852083
a: [0.000000000, 0.000000000, 0.000000000]
w: [0.009796023, -0.034494665, -0.004602673]

IMU[5] time: 1631702798.336861134
a: [0.000000000, 0.000000000, 0.000000000]
w: [0.002918612, -0.036198001, -0.013928549]

IMU[6] time: 1631702798.349869013
a: [0.000000000, 0.000000000, 0.000000000]
w: [-0.003557814, -0.039174620, -0.009295240]

IMU[7] time: 1631702798.359879017
a: [0.000000000, 0.000000000, 0.000000000]
w: [0.007374120, -0.039098479, -0.016790183]

IMU[8] time: 1631702798.369885206
a: [0.000000000, 0.000000000, 0.000000000]
w: [0.010166357, -0.038458727, -0.007168856]

IMU[9] time: 1631702798.379893064
a: [0.000000000, 0.000000000, 0.000000000]
w: [0.020577447, -0.039189909, -0.013870500]

IMU[10] time: 1631702798.389896870
a: [0.000000000, 0.000000000, 0.000000000]
w: [0.016029591, -0.039605167, -0.009200796]

DVL[0] time: 1631702798.312581778
[-0.101996310, 0.078028388, 0.030148350]

IMU recieved! time:1631702798.509969234
DVL recieved! time:1631702798.513519764
IMU recieved! time:1631702798.519975185
IMU recieved! time:1631702798.529983044
IMU recieved! time:1631702798.539986610
IMU recieved! time:1631702798.549992800
left recieved!, time: 1631702798.490925312
IMU recieved! time:1631702798.560000658
IMU recieved! time:1631702798.570004702
IMU recieved! time:1631702798.580016613
IMU recieved! time:1631702798.590024471
IMU recieved! time:1631702798.600028515
IMU recieved! time:1631702798.610034466
DVL recieved! time:1631702798.619521141
IMU recieved! time:1631702798.620042324
IMU recieved! time:1631702798.630045652
IMU recieved! time:1631702798.640051126
right recieved!, time: 1631702798.583469868
Track Stereo!
left image time: 1631702798.490925312
IMU[0] time: 1631702798.399903059
a: [0.000000000, 0.000000000, 0.000000000]
w: [0.015333415, -0.040242448, -0.013438510]

IMU[1] time: 1631702798.409911156
a: [0.000000000, 0.000000000, 0.000000000]
w: [0.004284777, -0.042253863, -0.015707379]

IMU[2] time: 1631702798.414395332
a: [-0.101996310, 0.078028388, 0.030148350]
w: [0.018199867, -0.042819817, -0.012181746]

IMU[3] time: 1631702798.419914961
a: [0.000000000, 0.000000000, 0.000000000]
w: [0.018199867, -0.042819817, -0.012181746]

IMU[4] time: 1631702798.429920912
a: [0.000000000, 0.000000000, 0.000000000]
w: [0.024219651, -0.045766864, -0.015747536]

IMU[5] time: 1631702798.439929008
a: [0.000000000, 0.000000000, 0.000000000]
w: [0.031254422, -0.043725602, -0.004281840]

IMU[6] time: 1631702798.449933052
a: [0.000000000, 0.000000000, 0.000000000]
w: [0.024458986, -0.044864774, -0.015901731]

IMU[7] time: 1631702798.459939003
a: [0.000000000, 0.000000000, 0.000000000]
w: [0.013881657, -0.045118585, -0.008721749]

IMU[8] time: 1631702798.469947100
a: [0.000000000, 0.000000000, 0.000000000]
w: [0.006299890, -0.047707979, -0.019521572]

IMU[9] time: 1631702798.479951382
a: [0.000000000, 0.000000000, 0.000000000]
w: [0.007705169, -0.047061365, -0.012330011]

IMU[10] time: 1631702798.489957094
a: [0.000000000, 0.000000000, 0.000000000]
w: [0.029670654, -0.049721304, -0.020920888]

DVL[0] time: 1631702798.414395332
[-0.101996310, 0.078028388, 0.030148350]

IMU recieved! time:1631702798.650058746
left recieved!, time: 1631702798.591080189
IMU recieved! time:1631702798.660062551
IMU recieved! time:1631702798.670068502
IMU recieved! time:1631702798.680076361
IMU recieved! time:1631702798.690079927
right recieved!, time: 1631702798.587634563
IMU recieved! time:1631702798.700086117
Track Stereo!
left image time: 1631702798.591080189
IMU[0] time: 1631702798.499965191
a: [0.000000000, 0.000000000, 0.000000000]
w: [0.038667344, -0.049186330, -0.010411044]

IMU[1] time: 1631702798.509969234
a: [0.000000000, 0.000000000, 0.000000000]
w: [0.049421530, -0.048951328, -0.015554648]

IMU[2] time: 1631702798.513519764
a: [-0.101996310, 0.078028388, 0.030148350]
w: [0.031252690, -0.048926849, -0.011162646]

IMU[3] time: 1631702798.519975185
a: [0.000000000, 0.000000000, 0.000000000]
w: [0.031252690, -0.048926849, -0.011162646]

IMU[4] time: 1631702798.529983044
a: [0.000000000, 0.000000000, 0.000000000]
w: [0.023471296, -0.049091164, -0.014363838]

IMU[5] time: 1631702798.539986610
a: [0.000000000, 0.000000000, 0.000000000]
w: [0.000182612, -0.051435620, -0.017030165]

IMU[6] time: 1631702798.549992800
a: [0.000000000, 0.000000000, 0.000000000]
w: [0.013767553, -0.051358446, -0.015360344]

IMU[7] time: 1631702798.560000658
a: [0.000000000, 0.000000000, 0.000000000]
w: [0.025852866, -0.054731891, -0.018764362]

IMU[8] time: 1631702798.570004702
a: [0.000000000, 0.000000000, 0.000000000]
w: [0.044417586, -0.053252719, -0.011842472]

IMU[9] time: 1631702798.580016613
a: [0.000000000, 0.000000000, 0.000000000]
w: [0.044642620, -0.053865835, -0.016398109]

IMU[10] time: 1631702798.590024471
a: [0.000000000, 0.000000000, 0.000000000]
w: [0.036597721, -0.052144688, -0.009949764]

DVL[0] time: 1631702798.513519764
[-0.101996310, 0.078028388, 0.030148350]

DVL recieved! time:1631702798.714715719
IMU recieved! time:1631702798.710093975
IMU recieved! time:1631702798.720098019
IMU recieved! time:1631702798.730103970
IMU recieved! time:1631702798.740111828
IMU recieved! time:1631702798.750115395
right recieved!, time: 1631702798.691011429
left recieved!, time: 1631702798.691069603
IMU recieved! time:1631702798.760120869
IMU recieved! time:1631702798.770128489
Track Stereo!
left image time: 1631702798.691069603
IMU[0] time: 1631702798.600028515
a: [0.000000000, 0.000000000, 0.000000000]
w: [0.027212415, -0.054056216, -0.019362461]

IMU[1] time: 1631702798.610034466
a: [0.000000000, 0.000000000, 0.000000000]
w: [0.013920552, -0.052905127, -0.010187265]

IMU[2] time: 1631702798.619521141
a: [-0.073090769, 0.066037647, -0.020840051]
w: [0.029189240, -0.055185277, -0.019195944]

IMU[3] time: 1631702798.620042324
a: [0.000000000, 0.000000000, 0.000000000]
w: [0.029189240, -0.055185277, -0.019195944]

IMU[4] time: 1631702798.630045652
a: [0.000000000, 0.000000000, 0.000000000]
w: [0.033346411, -0.055573802, -0.011026572]

IMU[5] time: 1631702798.640051126
a: [0.000000000, 0.000000000, 0.000000000]
w: [0.044063266, -0.055439506, -0.016527828]

IMU[6] time: 1631702798.650058746
a: [0.000000000, 0.000000000, 0.000000000]
w: [0.032884583, -0.055886969, -0.013414705]

IMU[7] time: 1631702798.660062551
a: [0.000000000, 0.000000000, 0.000000000]
w: [0.035428818, -0.055801112, -0.014443104]

IMU[8] time: 1631702798.670068502
a: [0.000000000, 0.000000000, 0.000000000]
w: [0.022704633, -0.055713844, -0.014614745]

IMU[9] time: 1631702798.680076361
a: [0.000000000, 0.000000000, 0.000000000]
w: [0.037118815, -0.054206535, -0.013946360]

IMU[10] time: 1631702798.690079927
a: [0.000000000, 0.000000000, 0.000000000]
w: [0.040780064, -0.057596929, -0.018124444]

DVL[0] time: 1631702798.619521141
[-0.073090769, 0.066037647, -0.020840051]

IMU recieved! time:1631702798.780131817
IMU recieved! time:1631702798.790137291
IMU recieved! time:1631702798.800144911
IMU recieved! time:1631702798.810148716
IMU recieved! time:1631702798.820154667
DVL recieved! time:1631702798.825835228
IMU recieved! time:1631702798.830162525
IMU recieved! time:1631702798.840166092
right recieved!, time: 1631702798.791105270
IMU recieved! time:1631702798.850171804
left recieved!, time: 1631702798.791959286
IMU recieved! time:1631702798.860179186
IMU recieved! time:1631702798.870182991
Track Stereo!
left image time: 1631702798.791959286
IMU[0] time: 1631702798.700086117
a: [0.000000000, 0.000000000, 0.000000000]
w: [0.047676124, -0.053624325, -0.009619749]

IMU[1] time: 1631702798.710093975
a: [0.000000000, 0.000000000, 0.000000000]
w: [0.044331685, -0.051770169, -0.015783498]

IMU[2] time: 1631702798.714715719
a: [-0.073090769, 0.066037647, -0.020840051]
w: [0.037132163, -0.049984101, -0.009852443]

IMU[3] time: 1631702798.720098019
a: [0.000000000, 0.000000000, 0.000000000]
w: [0.037132163, -0.049984101, -0.009852443]

IMU[4] time: 1631702798.730103970
a: [0.000000000, 0.000000000, 0.000000000]
w: [0.028653586, -0.049557582, -0.019085955]

IMU[5] time: 1631702798.740111828
a: [0.000000000, 0.000000000, 0.000000000]
w: [0.019545132, -0.046186838, -0.012363397]

IMU[6] time: 1631702798.750115395
a: [0.000000000, 0.000000000, 0.000000000]
w: [0.034573767, -0.042962160, -0.019883569]

IMU[7] time: 1631702798.760120869
a: [0.000000000, 0.000000000, 0.000000000]
w: [0.037099551, -0.041680761, -0.013299176]

IMU[8] time: 1631702798.770128489
a: [0.000000000, 0.000000000, 0.000000000]
w: [0.053924657, -0.037937019, -0.015884198]

IMU[9] time: 1631702798.780131817
a: [0.000000000, 0.000000000, 0.000000000]
w: [0.043040570, -0.032669604, -0.012514730]

IMU[10] time: 1631702798.790137291
a: [0.000000000, 0.000000000, 0.000000000]
w: [0.049748875, -0.029365977, -0.018699862]

DVL[0] time: 1631702798.714715719
[-0.073090769, 0.066037647, -0.020840051]

IMU recieved! time:1631702798.880188465
IMU recieved! time:1631702798.890196085
IMU recieved! time:1631702798.900199413
IMU recieved! time:1631702798.910204887
DVL recieved! time:1631702798.916272402
IMU recieved! time:1631702798.920212507
IMU recieved! time:1631702798.930215836
IMU recieved! time:1631702798.940221548
right recieved!, time: 1631702798.891515255
IMU recieved! time:1631702798.950228930
left recieved!, time: 1631702798.891412973
IMU recieved! time:1631702798.960232735
Track Stereo!
left image time: 1631702798.891412973
IMU[0] time: 1631702798.800144911
a: [0.000000000, 0.000000000, 0.000000000]
w: [0.032130320, -0.028055381, -0.020583060]

IMU[1] time: 1631702798.810148716
a: [0.000000000, 0.000000000, 0.000000000]
w: [0.034664799, -0.025095334, -0.019461164]

IMU[2] time: 1631702798.820154667
a: [0.000000000, 0.000000000, 0.000000000]
w: [0.028854335, -0.022421852, -0.021329200]

IMU[3] time: 1631702798.825835228
a: [-0.073090762, 0.066037655, -0.020840198]
w: [0.040146451, -0.017197564, -0.014880048]

IMU[4] time: 1631702798.830162525
a: [0.000000000, 0.000000000, 0.000000000]
w: [0.040146451, -0.017197564, -0.014880048]

IMU[5] time: 1631702798.840166092
a: [0.000000000, 0.000000000, 0.000000000]
w: [0.045637295, -0.011490245, -0.019987347]

IMU[6] time: 1631702798.850171804
a: [0.000000000, 0.000000000, 0.000000000]
w: [0.041853517, -0.006106711, -0.013103433]

IMU[7] time: 1631702798.860179186
a: [0.000000000, 0.000000000, 0.000000000]
w: [0.042377468, -0.003653734, -0.023732591]

IMU[8] time: 1631702798.870182991
a: [0.000000000, 0.000000000, 0.000000000]
w: [0.033518061, -0.000529532, -0.015169303]

IMU[9] time: 1631702798.880188465
a: [0.000000000, 0.000000000, 0.000000000]
w: [0.049407121, 0.001516715, -0.025659574]

IMU[10] time: 1631702798.890196085
a: [0.000000000, 0.000000000, 0.000000000]
w: [0.050904751, 0.004689748, -0.015826458]

DVL[0] time: 1631702798.825835228
[-0.073090762, 0.066037655, -0.020840198]

IMU recieved! time:1631702798.970238686
IMU recieved! time:1631702798.980246305
IMU recieved! time:1631702798.990249872
IMU recieved! time:1631702799.000255585
DVL recieved! time:1631702799.016470194
IMU recieved! time:1631702799.010262966
IMU recieved! time:1631702799.020266533
IMU recieved! time:1631702799.030272007
IMU recieved! time:1631702799.040279627
IMU recieved! time:1631702799.050282955
right recieved!, time: 1631702798.991658211
left recieved!, time: 1631702798.991626263
IMU recieved! time:1631702799.060288429
Track Stereo!
left image time: 1631702798.991626263
IMU[0] time: 1631702798.900199413
a: [0.000000000, 0.000000000, 0.000000000]
w: [0.056561083, 0.010636565, -0.019584792]

IMU[1] time: 1631702798.910204887
a: [0.000000000, 0.000000000, 0.000000000]
w: [0.034823440, 0.013402998, -0.018904174]

IMU[2] time: 1631702798.916272402
a: [-0.080975011, 0.055034857, -0.056885805]
w: [0.030417457, 0.017548425, -0.019211734]

IMU[3] time: 1631702798.920212507
a: [0.000000000, 0.000000000, 0.000000000]
w: [0.030417457, 0.017548425, -0.019211734]

IMU[4] time: 1631702798.930215836
a: [0.000000000, 0.000000000, 0.000000000]
w: [0.017604733, 0.018785123, -0.023653692]

IMU[5] time: 1631702798.940221548
a: [0.000000000, 0.000000000, 0.000000000]
w: [0.035022657, 0.021522613, -0.018711993]

IMU[6] time: 1631702798.950228930
a: [0.000000000, 0.000000000, 0.000000000]
w: [0.046160389, 0.021327550, -0.022882739]

IMU[7] time: 1631702798.960232735
a: [0.000000000, 0.000000000, 0.000000000]
w: [0.062396660, 0.026399804, -0.014428155]

IMU[8] time: 1631702798.970238686
a: [0.000000000, 0.000000000, 0.000000000]
w: [0.065880194, 0.027434025, -0.020241588]

IMU[9] time: 1631702798.980246305
a: [0.000000000, 0.000000000, 0.000000000]
w: [0.048250817, 0.030251773, -0.010931801]

IMU[10] time: 1631702798.990249872
a: [0.000000000, 0.000000000, 0.000000000]
w: [0.033531196, 0.031048210, -0.021552490]

DVL[0] time: 1631702798.916272402
[-0.080975011, 0.055034857, -0.056885805]

IMU recieved! time:1631702799.070296049
IMU recieved! time:1631702799.080299616
IMU recieved! time:1631702799.090305090
IMU recieved! time:1631702799.100312233
IMU recieved! time:1631702799.110316038
DVL recieved! time:1631702799.122595072
IMU recieved! time:1631702799.120321274
IMU recieved! time:1631702799.130328894
IMU recieved! time:1631702799.140332460
IMU recieved! time:1631702799.150337696
right recieved!, time: 1631702799.091804028
left recieved!, time: 1631702799.091741562
IMU recieved! time:1631702799.160345316
IMU recieved! time:1631702799.170349121
Track Stereo!
left image time: 1631702799.091741562
IMU[0] time: 1631702799.000255585
a: [0.000000000, 0.000000000, 0.000000000]
w: [0.018926697, 0.032162867, -0.012624892]

IMU[1] time: 1631702799.010262966
a: [0.000000000, 0.000000000, 0.000000000]
w: [0.034966744, 0.030785125, -0.019666880]

IMU[2] time: 1631702799.016470194
a: [-0.080975011, 0.055034857, -0.056885805]
w: [0.041205626, 0.031299274, -0.010336395]

IMU[3] time: 1631702799.020266533
a: [0.000000000, 0.000000000, 0.000000000]
w: [0.041205626, 0.031299274, -0.010336395]

IMU[4] time: 1631702799.030272007
a: [0.000000000, 0.000000000, 0.000000000]
w: [0.055822145, 0.032534108, -0.013732817]

IMU[5] time: 1631702799.040279627
a: [0.000000000, 0.000000000, 0.000000000]
w: [0.045534365, 0.033079013, -0.011545276]

IMU[6] time: 1631702799.050282955
a: [0.000000000, 0.000000000, 0.000000000]
w: [0.047423303, 0.033389810, -0.011054278]

IMU[7] time: 1631702799.060288429
a: [0.000000000, 0.000000000, 0.000000000]
w: [0.029156080, 0.030590052, -0.013485779]

IMU[8] time: 1631702799.070296049
a: [0.000000000, 0.000000000, 0.000000000]
w: [0.033232290, 0.032907613, -0.009109329]

IMU[9] time: 1631702799.080299616
a: [0.000000000, 0.000000000, 0.000000000]
w: [0.041847989, 0.027906546, -0.012073023]

IMU[10] time: 1631702799.090305090
a: [0.000000000, 0.000000000, 0.000000000]
w: [0.053771283, 0.029684726, -0.001280757]

DVL[0] time: 1631702799.016470194
[-0.080975011, 0.055034857, -0.056885805]

IMU recieved! time:1631702799.180354595
IMU recieved! time:1631702799.190362215
IMU recieved! time:1631702799.200365543
IMU recieved! time:1631702799.210371017
DVL recieved! time:1631702799.222916365
IMU recieved! time:1631702799.220384359
IMU recieved! time:1631702799.230387449
IMU recieved! time:1631702799.240392923
right recieved!, time: 1631702799.191931725
IMU recieved! time:1631702799.250400543
left recieved!, time: 1631702799.191823483
IMU recieved! time:1631702799.260403872
Track Stereo!
left image time: 1631702799.191823483
IMU[0] time: 1631702799.100312233
a: [0.000000000, 0.000000000, 0.000000000]
w: [0.054919820, 0.030153070, -0.008212673]

IMU[1] time: 1631702799.110316038
a: [0.000000000, 0.000000000, 0.000000000]
w: [0.040705454, 0.029514911, 0.000180029]

IMU[2] time: 1631702799.120321274
a: [0.000000000, 0.000000000, 0.000000000]
w: [0.030854018, 0.027493978, -0.008505958]

IMU[3] time: 1631702799.122595072
a: [-0.079006188, 0.066962525, -0.098868027]
w: [0.018524295, 0.027842890, 0.000486608]

IMU[4] time: 1631702799.130328894
a: [0.000000000, 0.000000000, 0.000000000]
w: [0.018524295, 0.027842890, 0.000486608]

IMU[5] time: 1631702799.140332460
a: [0.000000000, 0.000000000, 0.000000000]
w: [0.041303683, 0.026863236, -0.005861939]

IMU[6] time: 1631702799.150337696
a: [0.000000000, 0.000000000, 0.000000000]
w: [0.047429081, 0.024341134, 0.003162874]

IMU[7] time: 1631702799.160345316
a: [0.000000000, 0.000000000, 0.000000000]
w: [0.061456975, 0.024835348, 0.002669511]

IMU[8] time: 1631702799.170349121
a: [0.000000000, 0.000000000, 0.000000000]
w: [0.044758376, 0.024775755, 0.003731788]

IMU[9] time: 1631702799.180354595
a: [0.000000000, 0.000000000, 0.000000000]
w: [0.041285492, 0.023687435, 0.005797134]

IMU[10] time: 1631702799.190362215
a: [0.000000000, 0.000000000, 0.000000000]
w: [0.019853499, 0.018350659, 0.001295044]

DVL[0] time: 1631702799.122595072
[-0.079006188, 0.066962525, -0.098868027]

IMU recieved! time:1631702799.270409584
IMU recieved! time:1631702799.280416965
IMU recieved! time:1631702799.292424440
IMU recieved! time:1631702799.302428007
DVL recieved! time:1631702799.316856384
IMU recieved! time:1631702799.312433481
IMU recieved! time:1631702799.322440863
IMU recieved! time:1631702799.332444668
IMU recieved! time:1631702799.342450142
right recieved!, time: 1631702799.288030863
IMU recieved! time:1631702799.352457285
left recieved!, time: 1631702799.292084455
IMU recieved! time:1631702799.362460375
Track Stereo!
left image time: 1631702799.292084455
IMU[0] time: 1631702799.200365543
a: [0.000000000, 0.000000000, 0.000000000]
w: [0.022448232, 0.019486252, 0.010830341]

IMU[1] time: 1631702799.210371017
a: [0.000000000, 0.000000000, 0.000000000]
w: [0.034690548, 0.015352386, 0.003333823]

IMU[2] time: 1631702799.220384359
a: [0.000000000, 0.000000000, 0.000000000]
w: [0.047815111, 0.014394104, 0.014698740]

IMU[3] time: 1631702799.222916365
a: [-0.079006188, 0.066962525, -0.098868027]
w: [0.055053640, 0.013164392, 0.006837200]

IMU[4] time: 1631702799.230387449
a: [0.000000000, 0.000000000, 0.000000000]
w: [0.055053640, 0.013164392, 0.006837200]

IMU[5] time: 1631702799.240392923
a: [0.000000000, 0.000000000, 0.000000000]
w: [0.042603873, 0.013028421, 0.020531660]

IMU[6] time: 1631702799.250400543
a: [0.000000000, 0.000000000, 0.000000000]
w: [0.031811107, 0.010341697, 0.011031923]

IMU[7] time: 1631702799.260403872
a: [0.000000000, 0.000000000, 0.000000000]
w: [0.015694978, 0.006334025, 0.013989356]

IMU[8] time: 1631702799.270409584
a: [0.000000000, 0.000000000, 0.000000000]
w: [0.035003893, 0.005642201, 0.014102503]

IMU[9] time: 1631702799.280416965
a: [0.000000000, 0.000000000, 0.000000000]
w: [0.036272336, 0.002719160, 0.019321365]

DVL[0] time: 1631702799.222916365
[-0.079006188, 0.066962525, -0.098868027]

IMU recieved! time:1631702799.372465849
IMU recieved! time:1631702799.382473469
IMU recieved! time:1631702799.392477036
IMU recieved! time:1631702799.402482510
IMU recieved! time:1631702799.412489891
DVL recieved! time:1631702799.423696280
IMU recieved! time:1631702799.422493458
IMU recieved! time:1631702799.432504892
IMU recieved! time:1631702799.442512035
IMU recieved! time:1631702799.452515602
right recieved!, time: 1631702799.392240763
left recieved!, time: 1631702799.392184019
IMU recieved! time:1631702799.462521076
Track Stereo!
left image time: 1631702799.392184019
IMU[0] time: 1631702799.292424440
a: [0.000000000, 0.000000000, 0.000000000]
w: [0.051522341, 0.003144134, 0.020576678]

IMU[1] time: 1631702799.302428007
a: [0.000000000, 0.000000000, 0.000000000]
w: [0.036249097, 0.001223198, 0.020582682]

IMU[2] time: 1631702799.312433481
a: [0.000000000, 0.000000000, 0.000000000]
w: [0.033135276, -0.000901818, 0.021014225]

IMU[3] time: 1631702799.316856384
a: [-0.076009393, 0.058027986, -0.136880741]
w: [0.011373652, -0.003855685, 0.021930462]

IMU[4] time: 1631702799.322440863
a: [0.000000000, 0.000000000, 0.000000000]
w: [0.011373652, -0.003855685, 0.021930462]

IMU[5] time: 1631702799.332444668
a: [0.000000000, 0.000000000, 0.000000000]
w: [0.022221951, -0.002213334, 0.020535463]

IMU[6] time: 1631702799.342450142
a: [0.000000000, 0.000000000, 0.000000000]
w: [0.032909025, -0.008475130, 0.019332411]

IMU[7] time: 1631702799.352457285
a: [0.000000000, 0.000000000, 0.000000000]
w: [0.047395028, -0.005480875, 0.031497542]

IMU[8] time: 1631702799.362460375
a: [0.000000000, 0.000000000, 0.000000000]
w: [0.046358269, -0.005649773, 0.024261884]

IMU[9] time: 1631702799.372465849
a: [0.000000000, 0.000000000, 0.000000000]
w: [0.037445720, -0.006432758, 0.033482242]

IMU[10] time: 1631702799.382473469
a: [0.000000000, 0.000000000, 0.000000000]
w: [0.022408862, -0.009629846, 0.022507014]

DVL[0] time: 1631702799.316856384
[-0.076009393, 0.058027986, -0.136880741]

IMU recieved! time:1631702799.472528458
IMU recieved! time:1631702799.482531548
IMU recieved! time:1631702799.492536783
IMU recieved! time:1631702799.502543926
IMU recieved! time:1631702799.512547016
DVL recieved! time:1631702799.519840240
IMU recieved! time:1631702799.522552490
IMU recieved! time:1631702799.532560110
IMU recieved! time:1631702799.542563677
right recieved!, time: 1631702799.492486715
IMU recieved! time:1631702799.552569151
left recieved!, time: 1631702799.492302656
IMU recieved! time:1631702799.562576532
Track Stereo!
left image time: 1631702799.492302656
IMU[0] time: 1631702799.392477036
a: [0.000000000, 0.000000000, 0.000000000]
w: [0.009430582, -0.009326236, 0.032093190]

IMU[1] time: 1631702799.402482510
a: [0.000000000, 0.000000000, 0.000000000]
w: [0.026397046, -0.011568446, 0.025358086]

IMU[2] time: 1631702799.412489891
a: [0.000000000, 0.000000000, 0.000000000]
w: [0.030167237, -0.013044051, 0.031239353]

IMU[3] time: 1631702799.422493458
a: [0.000000000, 0.000000000, 0.000000000]
w: [0.045408223, -0.013587908, 0.030765273]

IMU[4] time: 1631702799.423696280
a: [-0.076009393, 0.058027986, -0.136880741]
w: [0.032977711, -0.013762520, 0.036141295]

IMU[5] time: 1631702799.432504892
a: [0.000000000, 0.000000000, 0.000000000]
w: [0.032977711, -0.013762520, 0.036141295]

IMU[6] time: 1631702799.442512035
a: [0.000000000, 0.000000000, 0.000000000]
w: [0.031937912, -0.014258282, 0.033200357]

IMU[7] time: 1631702799.452515602
a: [0.000000000, 0.000000000, 0.000000000]
w: [0.009186750, -0.017745985, 0.028956929]

IMU[8] time: 1631702799.462521076
a: [0.000000000, 0.000000000, 0.000000000]
w: [0.018137859, -0.016728329, 0.036381438]

IMU[9] time: 1631702799.472528458
a: [0.000000000, 0.000000000, 0.000000000]
w: [0.024528095, -0.020940838, 0.031572938]

IMU[10] time: 1631702799.482531548
a: [0.000000000, 0.000000000, 0.000000000]
w: [0.036442518, -0.020559182, 0.042334657]

DVL[0] time: 1631702799.423696280
[-0.076009393, 0.058027986, -0.136880741]

IMU recieved! time:1631702799.572580099
IMU recieved! time:1631702799.582585573
IMU recieved! time:1631702799.592592955
IMU recieved! time:1631702799.602595806
IMU recieved! time:1631702799.612600803
IMU recieved! time:1631702799.622607946
DVL recieved! time:1631702799.628260374
IMU recieved! time:1631702799.632611036
IMU recieved! time:1631702799.642616510
right recieved!, time: 1631702799.592528343
left recieved!, time: 1631702799.592418432
IMU recieved! time:1631702799.652630091
IMU recieved! time:1631702799.662633181
Track Stereo!
left image time: 1631702799.592418432
IMU[0] time: 1631702799.492536783
a: [0.000000000, 0.000000000, 0.000000000]
w: [0.034481924, -0.019842289, 0.034947749]

IMU[1] time: 1631702799.502543926
a: [0.000000000, 0.000000000, 0.000000000]
w: [0.024955099, -0.019443721, 0.045281187]

IMU[2] time: 1631702799.512547016
a: [0.000000000, 0.000000000, 0.000000000]
w: [0.018913386, -0.022465663, 0.033997480]

IMU[3] time: 1631702799.519840240
a: [-0.076009393, 0.058027986, -0.136880741]
w: [0.010652492, -0.022445504, 0.041926526]

IMU[4] time: 1631702799.522552490
a: [0.000000000, 0.000000000, 0.000000000]
w: [0.010652492, -0.022445504, 0.041926526]

IMU[5] time: 1631702799.532560110
a: [0.000000000, 0.000000000, 0.000000000]
w: [0.023299510, -0.023934998, 0.034148745]

IMU[6] time: 1631702799.542563677
a: [0.000000000, 0.000000000, 0.000000000]
w: [0.022214379, -0.024532337, 0.042834207]

IMU[7] time: 1631702799.552569151
a: [0.000000000, 0.000000000, 0.000000000]
w: [0.034875419, -0.024896771, 0.042337343]

IMU[8] time: 1631702799.562576532
a: [0.000000000, 0.000000000, 0.000000000]
w: [0.020495523, -0.026826844, 0.042488124]

IMU[9] time: 1631702799.572580099
a: [0.000000000, 0.000000000, 0.000000000]
w: [0.020071857, -0.025812434, 0.042814396]

IMU[10] time: 1631702799.582585573
a: [0.000000000, 0.000000000, 0.000000000]
w: [0.001159357, -0.028987190, 0.038764041]

DVL[0] time: 1631702799.519840240
[-0.076009393, 0.058027986, -0.136880741]

IMU recieved! time:1631702799.672638655
IMU recieved! time:1631702799.682646275
IMU recieved! time:1631702799.692649841
IMU recieved! time:1631702799.702655315
IMU recieved! time:1631702799.712662458
IMU recieved! time:1631702799.722665548
DVL recieved! time:1631702799.724915504
IMU recieved! time:1631702799.732670546
IMU recieved! time:1631702799.742677450
IMU recieved! time:1631702799.752680540
right recieved!, time: 1631702799.692797422
left recieved!, time: 1631702799.692645550
IMU recieved! time:1631702799.762685537
Track Stereo!
left image time: 1631702799.692645550
IMU[0] time: 1631702799.592592955
a: [0.000000000, 0.000000000, 0.000000000]
w: [0.013626684, -0.027133044, 0.044877652]

IMU[1] time: 1631702799.602595806
a: [0.000000000, 0.000000000, 0.000000000]
w: [0.020430408, -0.031724792, 0.039008044]

IMU[2] time: 1631702799.612600803
a: [0.000000000, 0.000000000, 0.000000000]
w: [0.028834322, -0.029474236, 0.049506623]

IMU[3] time: 1631702799.622607946
a: [0.000000000, 0.000000000, 0.000000000]
w: [0.026100755, -0.030857245, 0.040383238]

IMU[4] time: 1631702799.628260374
a: [-0.061046548, 0.039058983, -0.174881518]
w: [0.016169313, -0.028676996, 0.051867366]

IMU[5] time: 1631702799.632611036
a: [0.000000000, 0.000000000, 0.000000000]
w: [0.016169313, -0.028676996, 0.051867366]

IMU[6] time: 1631702799.642616510
a: [0.000000000, 0.000000000, 0.000000000]
w: [0.011241074, -0.030461052, 0.037826505]

IMU[7] time: 1631702799.652630091
a: [0.000000000, 0.000000000, 0.000000000]
w: [0.000916561, -0.031286180, 0.046428852]

IMU[8] time: 1631702799.662633181
a: [0.000000000, 0.000000000, 0.000000000]
w: [0.018795047, -0.032403275, 0.038960338]

IMU[9] time: 1631702799.672638655
a: [0.000000000, 0.000000000, 0.000000000]
w: [0.017956138, -0.032552466, 0.047687143]

IMU[10] time: 1631702799.682646275
a: [0.000000000, 0.000000000, 0.000000000]
w: [0.025497502, -0.033412877, 0.047320802]

DVL[0] time: 1631702799.628260374
[-0.061046548, 0.039058983, -0.174881518]

IMU recieved! time:1631702799.772692442
IMU recieved! time:1631702799.782695770
IMU recieved! time:1631702799.792701006
IMU recieved! time:1631702799.802708149
IMU recieved! time:1631702799.812711716
IMU recieved! time:1631702799.822717190
IMU recieved! time:1631702799.832724333
DVL recieved! time:1631702799.842396498
IMU recieved! time:1631702799.842727423
right recieved!, time: 1631702799.792837858
IMU recieved! time:1631702799.852732420
left recieved!, time: 1631702799.792786360
IMU recieved! time:1631702799.862739563
Track Stereo!
left image time: 1631702799.792786360
IMU[0] time: 1631702799.692649841
a: [0.000000000, 0.000000000, 0.000000000]
w: [0.010324070, -0.034662832, 0.044961825]

IMU[1] time: 1631702799.702655315
a: [0.000000000, 0.000000000, 0.000000000]
w: [0.009674882, -0.032322906, 0.047663487]

IMU[2] time: 1631702799.712662458
a: [0.000000000, 0.000000000, 0.000000000]
w: [-0.005557865, -0.036596376, 0.039739802]

IMU[3] time: 1631702799.722665548
a: [0.000000000, 0.000000000, 0.000000000]
w: [0.006877520, -0.035181686, 0.049678456]

IMU[4] time: 1631702799.724915504
a: [-0.061046548, 0.039058983, -0.174881518]
w: [0.017159302, -0.038699906, 0.039634395]

IMU[5] time: 1631702799.732670546
a: [0.000000000, 0.000000000, 0.000000000]
w: [0.017159302, -0.038699906, 0.039634395]

IMU[6] time: 1631702799.742677450
a: [0.000000000, 0.000000000, 0.000000000]
w: [0.023590898, -0.036380455, 0.054062311]

IMU[7] time: 1631702799.752680540
a: [0.000000000, 0.000000000, 0.000000000]
w: [0.018504249, -0.035772726, 0.044122074]

IMU[8] time: 1631702799.762685537
a: [0.000000000, 0.000000000, 0.000000000]
w: [0.007912784, -0.035849720, 0.052141640]

IMU[9] time: 1631702799.772692442
a: [0.000000000, 0.000000000, 0.000000000]
w: [0.005823967, -0.036324102, 0.041685488]

IMU[10] time: 1631702799.782695770
a: [0.000000000, 0.000000000, 0.000000000]
w: [-0.007215179, -0.037273753, 0.048160952]

IMU[11] time: 1631702799.792701006
a: [0.000000000, 0.000000000, 0.000000000]
w: [0.007163577, -0.038006771, 0.043063104]

DVL[0] time: 1631702799.724915504
[-0.061046548, 0.039058983, -0.174881518]

IMU recieved! time:1631702799.872748613
IMU recieved! time:1631702799.882753611
IMU recieved! time:1631702799.892760515
IMU recieved! time:1631702799.902763605
IMU recieved! time:1631702799.912768602
DVL recieved! time:1631702799.920518637
IMU recieved! time:1631702799.922775507
IMU recieved! time:1631702799.932778597
IMU recieved! time:1631702799.942783594
right recieved!, time: 1631702799.892995834
IMU recieved! time:1631702799.952790260
left recieved!, time: 1631702799.892813683
IMU recieved! time:1631702799.962793589
Track Stereo!
left image time: 1631702799.892813683
IMU[0] time: 1631702799.802708149
a: [0.000000000, 0.000000000, 0.000000000]
w: [0.004727880, -0.039683584, 0.047014121]

IMU[1] time: 1631702799.812711716
a: [0.000000000, 0.000000000, 0.000000000]
w: [0.015544541, -0.038855545, 0.048194598]

IMU[2] time: 1631702799.822717190
a: [0.000000000, 0.000000000, 0.000000000]
w: [0.005652623, -0.039592393, 0.045187797]

IMU[3] time: 1631702799.832724333
a: [0.000000000, 0.000000000, 0.000000000]
w: [0.007581958, -0.036569167, 0.050829474]

IMU[4] time: 1631702799.842396498
a: [-0.061046597, 0.039058968, -0.174880996]
w: [-0.001271500, -0.042389769, 0.036502313]

IMU[5] time: 1631702799.842727423
a: [0.000000000, 0.000000000, 0.000000000]
w: [-0.001271500, -0.042389769, 0.036502313]

IMU[6] time: 1631702799.852732420
a: [0.000000000, 0.000000000, 0.000000000]
w: [0.005024504, -0.039724305, 0.048980460]

IMU[7] time: 1631702799.862739563
a: [0.000000000, 0.000000000, 0.000000000]
w: [0.009876017, -0.043126304, 0.039064918]

IMU[8] time: 1631702799.872748613
a: [0.000000000, 0.000000000, 0.000000000]
w: [0.013949571, -0.041109554, 0.052175805]

IMU[9] time: 1631702799.882753611
a: [0.000000000, 0.000000000, 0.000000000]
w: [0.012992304, -0.041512825, 0.042176310]

IMU[10] time: 1631702799.892760515
a: [0.000000000, 0.000000000, 0.000000000]
w: [-0.002947512, -0.040904675, 0.051197417]

DVL[0] time: 1631702799.842396498
[-0.061046597, 0.039058968, -0.174880996]

IMU recieved! time:1631702799.972798347
IMU recieved! time:1631702799.982805252
IMU recieved! time:1631702799.992808342
IMU recieved! time:1631702800.002813339
IMU recieved! time:1631702800.012820482
IMU recieved! time:1631702800.022823334
DVL recieved! time:1631702800.027005196
IMU recieved! time:1631702800.032828331
IMU recieved! time:1631702800.042835474
IMU recieved! time:1631702800.052838326
right recieved!, time: 1631702799.993019342
IMU recieved! time:1631702800.062843323
left recieved!, time: 1631702799.993080378
Track Stereo!
left image time: 1631702799.993080378
IMU[0] time: 1631702799.902763605
a: [0.000000000, 0.000000000, 0.000000000]
w: [-0.005308418, -0.041359827, 0.040721428]

IMU[1] time: 1631702799.912768602
a: [0.000000000, 0.000000000, 0.000000000]
w: [-0.015504219, -0.041910779, 0.046172217]

IMU[2] time: 1631702799.920518637
a: [-0.051031206, 0.019062268, -0.203909278]
w: [0.002010079, -0.040587872, 0.041364439]

IMU[3] time: 1631702799.922775507
a: [0.000000000, 0.000000000, 0.000000000]
w: [0.002010079, -0.040587872, 0.041364439]

IMU[4] time: 1631702799.932778597
a: [0.000000000, 0.000000000, 0.000000000]
w: [0.007560004, -0.043522384, 0.043237783]

IMU[5] time: 1631702799.942783594
a: [0.000000000, 0.000000000, 0.000000000]
w: [0.019284543, -0.042978268, 0.047971427]

IMU[6] time: 1631702799.952790260
a: [0.000000000, 0.000000000, 0.000000000]
w: [0.009143380, -0.043380931, 0.042182721]

IMU[7] time: 1631702799.962793589
a: [0.000000000, 0.000000000, 0.000000000]
w: [0.002456024, -0.041506417, 0.049404349]

IMU[8] time: 1631702799.972798347
a: [0.000000000, 0.000000000, 0.000000000]
w: [-0.012661143, -0.044551451, 0.036665250]

IMU[9] time: 1631702799.982805252
a: [0.000000000, 0.000000000, 0.000000000]
w: [-0.012393773, -0.041553579, 0.047661278]

IMU[10] time: 1631702799.992808342
a: [0.000000000, 0.000000000, 0.000000000]
w: [-0.004482882, -0.046538863, 0.038969524]

DVL[0] time: 1631702799.920518637
[-0.051031206, 0.019062268, -0.203909278]

IMU recieved! time:1631702800.072850227
IMU recieved! time:1631702800.082853079
IMU recieved! time:1631702800.092864275
IMU recieved! time:1631702800.102871180
IMU recieved! time:1631702800.112874508
IMU recieved! time:1631702800.122879267
DVL recieved! time:1631702800.127024651
IMU recieved! time:1631702800.132886171
IMU recieved! time:1631702800.142889500
right recieved!, time: 1631702800.093157768
IMU recieved! time:1631702800.152894497
left recieved!, time: 1631702800.093171120
IMU recieved! time:1631702800.162901163
Track Stereo!
left image time: 1631702800.093171120
IMU[0] time: 1631702800.002813339
a: [0.000000000, 0.000000000, 0.000000000]
w: [0.002840429, -0.043485612, 0.050011862]

IMU[1] time: 1631702800.012820482
a: [0.000000000, 0.000000000, 0.000000000]
w: [0.010665292, -0.042778756, 0.040853251]

IMU[2] time: 1631702800.022823334
a: [0.000000000, 0.000000000, 0.000000000]
w: [0.001054339, -0.043923732, 0.049012695]

IMU[3] time: 1631702800.027005196
a: [-0.051031206, 0.019062268, -0.203909278]
w: [-0.003828074, -0.043446995, 0.038646676]

IMU[4] time: 1631702800.032828331
a: [0.000000000, 0.000000000, 0.000000000]
w: [-0.003828074, -0.043446995, 0.038646676]

IMU[5] time: 1631702800.042835474
a: [0.000000000, 0.000000000, 0.000000000]
w: [-0.017379798, -0.044627529, 0.042289797]

IMU[6] time: 1631702800.052838326
a: [0.000000000, 0.000000000, 0.000000000]
w: [-0.000719650, -0.042255327, 0.042358518]

IMU[7] time: 1631702800.062843323
a: [0.000000000, 0.000000000, 0.000000000]
w: [0.000076589, -0.045516200, 0.040805187]

IMU[8] time: 1631702800.072850227
a: [0.000000000, 0.000000000, 0.000000000]
w: [0.007198920, -0.044099916, 0.047141433]

IMU[9] time: 1631702800.082853079
a: [0.000000000, 0.000000000, 0.000000000]
w: [-0.002931577, -0.044990920, 0.038517118]

IMU[10] time: 1631702800.092864275
a: [0.000000000, 0.000000000, 0.000000000]
w: [-0.007323131, -0.043374203, 0.047281045]

DVL[0] time: 1631702800.027005196
[-0.051031206, 0.019062268, -0.203909278]

IMU recieved! time:1631702800.172904491
IMU recieved! time:1631702800.182909489
IMU recieved! time:1631702800.192916155
IMU recieved! time:1631702800.202919245
IMU recieved! time:1631702800.212924242
DVL recieved! time:1631702800.222395897
IMU recieved! time:1631702800.223930120
IMU recieved! time:1631702800.233938217
IMU recieved! time:1631702800.243942261
left recieved!, time: 1631702800.193360329
IMU recieved! time:1631702800.253948212
right recieved!, time: 1631702800.193351269
IMU recieved! time:1631702800.263956308
IMU recieved! time:1631702800.273960352
Track Stereo!
left image time: 1631702800.193360329
IMU[0] time: 1631702800.102871180
a: [0.000000000, 0.000000000, 0.000000000]
w: [-0.015802408, -0.047431596, 0.034271542]

IMU[1] time: 1631702800.112874508
a: [0.000000000, 0.000000000, 0.000000000]
w: [-0.013861387, -0.045128848, 0.044897985]

IMU[2] time: 1631702800.122879267
a: [0.000000000, 0.000000000, 0.000000000]
w: [-0.000661243, -0.046518005, 0.032951590]

IMU[3] time: 1631702800.127024651
a: [-0.039037246, 0.013018757, -0.228922039]
w: [0.004530772, -0.045254570, 0.048134137]

IMU[4] time: 1631702800.132886171
a: [0.000000000, 0.000000000, 0.000000000]
w: [0.004530772, -0.045254570, 0.048134137]

IMU[5] time: 1631702800.142889500
a: [0.000000000, 0.000000000, 0.000000000]
w: [0.007770734, -0.045624342, 0.038171791]

IMU[6] time: 1631702800.152894497
a: [0.000000000, 0.000000000, 0.000000000]
w: [-0.007428287, -0.045535199, 0.044158697]

IMU[7] time: 1631702800.162901163
a: [0.000000000, 0.000000000, 0.000000000]
w: [-0.012015044, -0.045647833, 0.035458270]

IMU[8] time: 1631702800.172904491
a: [0.000000000, 0.000000000, 0.000000000]
w: [-0.028511353, -0.046526507, 0.036900897]

IMU[9] time: 1631702800.182909489
a: [0.000000000, 0.000000000, 0.000000000]
w: [-0.011321446, -0.044186283, 0.038723327]

IMU[10] time: 1631702800.192916155
a: [0.000000000, 0.000000000, 0.000000000]
w: [-0.005459276, -0.050219066, 0.034043882]

DVL[0] time: 1631702800.127024651
[-0.039037246, 0.013018757, -0.228922039]

IMU recieved! time:1631702800.283966541
IMU recieved! time:1631702800.293974161
IMU recieved! time:1631702800.303984642
IMU recieved! time:1631702800.313990116
DVL recieved! time:1631702800.324378014
IMU recieved! time:1631702800.323997736
IMU recieved! time:1631702800.334001303
IMU recieved! time:1631702800.344007492
right recieved!, time: 1631702800.293616056
left recieved!, time: 1631702800.290732384
IMU recieved! time:1631702800.354015350
IMU recieved! time:1631702800.364018917
Track Stereo!
left image time: 1631702800.290732384
IMU[0] time: 1631702800.202919245
a: [0.000000000, 0.000000000, 0.000000000]
w: [0.010224760, -0.047758915, 0.040684078]

IMU[1] time: 1631702800.212924242
a: [0.000000000, 0.000000000, 0.000000000]
w: [0.005746341, -0.047495805, 0.033417489]

IMU[2] time: 1631702800.222395897
a: [-0.039037246, 0.013018757, -0.228922039]
w: [-0.002545842, -0.044930536, 0.042913027]

IMU[3] time: 1631702800.223930120
a: [0.000000000, 0.000000000, 0.000000000]
w: [-0.002545842, -0.044930536, 0.042913027]

IMU[4] time: 1631702800.233938217
a: [0.000000000, 0.000000000, 0.000000000]
w: [-0.022027075, -0.050718822, 0.027784381]

IMU[5] time: 1631702800.243942261
a: [0.000000000, 0.000000000, 0.000000000]
w: [-0.020597048, -0.047189470, 0.038621791]

IMU[6] time: 1631702800.253948212
a: [0.000000000, 0.000000000, 0.000000000]
w: [-0.012074994, -0.049174078, 0.026968433]

IMU[7] time: 1631702800.263956308
a: [0.000000000, 0.000000000, 0.000000000]
w: [-0.002403804, -0.049209140, 0.039479632]

IMU[8] time: 1631702800.273960352
a: [0.000000000, 0.000000000, 0.000000000]
w: [0.007651401, -0.047358762, 0.029883780]

IMU[9] time: 1631702800.283966541
a: [0.000000000, 0.000000000, 0.000000000]
w: [-0.004077080, -0.045032505, 0.036210563]

DVL[0] time: 1631702800.222395897
[-0.039037246, 0.013018757, -0.228922039]

IMU recieved! time:1631702800.374024868
IMU recieved! time:1631702800.384032965
IMU recieved! time:1631702800.394037008
IMU recieved! time:1631702800.404043198
IMU recieved! time:1631702800.414051056
DVL recieved! time:1631702800.424400568
IMU recieved! time:1631702800.424055099
IMU recieved! time:1631702800.434060812
IMU recieved! time:1631702800.444068432
right recieved!, time: 1631702800.393658876
IMU recieved! time:1631702800.454071760
left recieved!, time: 1631702800.389600992
IMU recieved! time:1631702800.464077234
Track Stereo!
left image time: 1631702800.389600992
IMU[0] time: 1631702800.293974161
a: [0.000000000, 0.000000000, 0.000000000]
w: [-0.009839054, -0.041513044, 0.027024338]

IMU[1] time: 1631702800.303984642
a: [0.000000000, 0.000000000, 0.000000000]
w: [-0.024529105, -0.041651405, 0.029123476]

IMU[2] time: 1631702800.313990116
a: [0.000000000, 0.000000000, 0.000000000]
w: [-0.010140286, -0.036337480, 0.023604563]

IMU[3] time: 1631702800.323997736
a: [0.000000000, 0.000000000, 0.000000000]
w: [-0.004082812, -0.037165433, 0.020636870]

IMU[4] time: 1631702800.324378014
a: [-0.039037246, 0.013018757, -0.228922039]
w: [0.004711865, -0.029432042, 0.025366487]

IMU[5] time: 1631702800.334001303
a: [0.000000000, 0.000000000, 0.000000000]
w: [0.004711865, -0.029432042, 0.025366487]

IMU[6] time: 1631702800.344007492
a: [0.000000000, 0.000000000, 0.000000000]
w: [-0.005656451, -0.025510628, 0.011561302]

IMU[7] time: 1631702800.354015350
a: [0.000000000, 0.000000000, 0.000000000]
w: [-0.009811180, -0.013399341, 0.016536547]

IMU[8] time: 1631702800.364018917
a: [0.000000000, 0.000000000, 0.000000000]
w: [-0.022745768, -0.006001718, -0.002684222]

IMU[9] time: 1631702800.374024868
a: [0.000000000, 0.000000000, 0.000000000]
w: [-0.024873734, 0.011410325, 0.005392946]

IMU[10] time: 1631702800.384032965
a: [0.000000000, 0.000000000, 0.000000000]
w: [-0.004290407, 0.027992703, -0.004088781]

DVL[0] time: 1631702800.324378014
[-0.039037246, 0.013018757, -0.228922039]

IMU recieved! time:1631702800.474084854
IMU recieved! time:1631702800.484088659
IMU recieved! time:1631702800.494094610
IMU recieved! time:1631702800.504108429
IMU recieved! time:1631702800.514112234
DVL recieved! time:1631702800.526545525
IMU recieved! time:1631702800.524118185
IMU recieved! time:1631702800.534126282
IMU recieved! time:1631702800.544130325
left recieved!, time: 1631702800.489647150
right recieved!, time: 1631702800.493955374
IMU recieved! time:1631702800.554136038
IMU recieved! time:1631702800.564143658
Track Stereo!
left image time: 1631702800.489647150
IMU[0] time: 1631702800.394037008
a: [0.000000000, 0.000000000, 0.000000000]
w: [0.019279817, 0.047217224, 0.004783598]

IMU[1] time: 1631702800.404043198
a: [0.000000000, 0.000000000, 0.000000000]
w: [0.024968704, 0.060934905, -0.001022589]

IMU[2] time: 1631702800.414051056
a: [0.000000000, 0.000000000, 0.000000000]
w: [0.006636836, 0.072359152, -0.002328916]

IMU[3] time: 1631702800.424055099
a: [0.000000000, 0.000000000, 0.000000000]
w: [-0.007175254, 0.082687870, -0.016679825]

IMU[4] time: 1631702800.424400568
a: [-0.021056026, 0.014993846, -0.249934226]
w: [-0.032112785, 0.087301612, -0.025606552]

IMU[5] time: 1631702800.434060812
a: [0.000000000, 0.000000000, 0.000000000]
w: [-0.032112785, 0.087301612, -0.025606552]

IMU[6] time: 1631702800.444068432
a: [0.000000000, 0.000000000, 0.000000000]
w: [-0.021040421, 0.097329825, -0.029619925]

IMU[7] time: 1631702800.454071760
a: [0.000000000, 0.000000000, 0.000000000]
w: [-0.019521588, 0.106999189, -0.036457144]

IMU[8] time: 1631702800.464077234
a: [0.000000000, 0.000000000, 0.000000000]
w: [-0.007213561, 0.123464160, -0.031709738]

IMU[9] time: 1631702800.474084854
a: [0.000000000, 0.000000000, 0.000000000]
w: [-0.001251428, 0.138301924, -0.037239872]

IMU[10] time: 1631702800.484088659
a: [0.000000000, 0.000000000, 0.000000000]
w: [-0.005785028, 0.154931590, -0.031548884]

DVL[0] time: 1631702800.424400568
[-0.021056026, 0.014993846, -0.249934226]

IMU recieved! time:1631702800.574146986
IMU recieved! time:1631702800.584152460
IMU recieved! time:1631702800.594160080
IMU recieved! time:1631702800.604164124
IMU recieved! time:1631702800.614169598
DVL recieved! time:1631702800.625057220
IMU recieved! time:1631702800.624177217
IMU recieved! time:1631702800.634180784
IMU recieved! time:1631702800.644186735
right recieved!, time: 1631702800.594001770
left recieved!, time: 1631702800.595192194
IMU recieved! time:1631702800.654194117
IMU recieved! time:1631702800.664197683
Track Stereo!
left image time: 1631702800.595192194
IMU[0] time: 1631702800.494094610
a: [0.000000000, 0.000000000, 0.000000000]
w: [-0.001768292, 0.163361207, -0.050475854]

IMU[1] time: 1631702800.504108429
a: [0.000000000, 0.000000000, 0.000000000]
w: [0.016146405, 0.174169734, -0.042044330]

IMU[2] time: 1631702800.514112234
a: [0.000000000, 0.000000000, 0.000000000]
w: [0.024626687, 0.181591347, -0.060840148]

IMU[3] time: 1631702800.524118185
a: [0.000000000, 0.000000000, 0.000000000]
w: [-0.008407976, 0.188104227, -0.052272707]

IMU[4] time: 1631702800.526545525
a: [-0.021056026, 0.014993846, -0.249934226]
w: [-0.014317572, 0.194173709, -0.044671346]

IMU[5] time: 1631702800.534126282
a: [0.000000000, 0.000000000, 0.000000000]
w: [-0.014317572, 0.194173709, -0.044671346]

IMU[6] time: 1631702800.544130325
a: [0.000000000, 0.000000000, 0.000000000]
w: [-0.036377065, 0.195918724, -0.043873299]

IMU[7] time: 1631702800.554136038
a: [0.000000000, 0.000000000, 0.000000000]
w: [-0.051415227, 0.187617555, -0.054958839]

IMU[8] time: 1631702800.564143658
a: [0.000000000, 0.000000000, 0.000000000]
w: [-0.027661754, 0.175775945, -0.068266578]

IMU[9] time: 1631702800.574146986
a: [0.000000000, 0.000000000, 0.000000000]
w: [0.035387889, 0.174858645, -0.062311642]

IMU[10] time: 1631702800.584152460
a: [0.000000000, 0.000000000, 0.000000000]
w: [0.045365818, 0.170459732, -0.060320489]

IMU[11] time: 1631702800.594160080
a: [0.000000000, 0.000000000, 0.000000000]
w: [0.054632433, 0.171041042, -0.047167219]

DVL[0] time: 1631702800.526545525
[-0.021056026, 0.014993846, -0.249934226]

IMU recieved! time:1631702800.674203157
IMU recieved! time:1631702800.684210777
IMU recieved! time:1631702800.694214106
IMU recieved! time:1631702800.704219818
IMU recieved! time:1631702800.714227676
DVL recieved! time:1631702800.730501413
IMU recieved! time:1631702800.724236965
IMU recieved! time:1631702800.734242916
IMU recieved! time:1631702800.744250298
IMU recieved! time:1631702800.754253864
right recieved!, time: 1631702800.694083214
left recieved!, time: 1631702800.690062046
IMU recieved! time:1631702800.764259338
Track Stereo!
left image time: 1631702800.690062046
IMU[0] time: 1631702800.604164124
a: [0.000000000, 0.000000000, 0.000000000]
w: [0.022448851, 0.168396637, -0.056987822]

IMU[1] time: 1631702800.614169598
a: [0.000000000, 0.000000000, 0.000000000]
w: [-0.026637636, 0.165090457, -0.051594049]

IMU[2] time: 1631702800.624177217
a: [0.000000000, 0.000000000, 0.000000000]
w: [-0.047036208, 0.156982228, -0.057582732]

IMU[3] time: 1631702800.625057220
a: [-0.027978318, 0.035934400, -0.260965288]
w: [-0.055171512, 0.153783143, -0.044640522]

IMU[4] time: 1631702800.634180784
a: [0.000000000, 0.000000000, 0.000000000]
w: [-0.055171512, 0.153783143, -0.044640522]

IMU[5] time: 1631702800.644186735
a: [0.000000000, 0.000000000, 0.000000000]
w: [-0.021871168, 0.147503465, -0.065387934]

IMU[6] time: 1631702800.654194117
a: [0.000000000, 0.000000000, 0.000000000]
w: [0.021231307, 0.142702475, -0.046852835]

IMU[7] time: 1631702800.664197683
a: [0.000000000, 0.000000000, 0.000000000]
w: [0.065058015, 0.141327798, -0.045183007]

IMU[8] time: 1631702800.674203157
a: [0.000000000, 0.000000000, 0.000000000]
w: [0.042438153, 0.139488578, -0.050686378]

IMU[9] time: 1631702800.684210777
a: [0.000000000, 0.000000000, 0.000000000]
w: [0.029435989, 0.130228356, -0.044622503]

DVL[0] time: 1631702800.625057220
[-0.027978318, 0.035934400, -0.260965288]

IMU recieved! time:1631702800.774266958
IMU recieved! time:1631702800.784270287
IMU recieved! time:1631702800.794275522
IMU recieved! time:1631702800.804283381
IMU recieved! time:1631702800.814286947
DVL recieved! time:1631702800.827818155
IMU recieved! time:1631702800.824292421
IMU recieved! time:1631702800.834299564
IMU recieved! time:1631702800.844303370
right recieved!, time: 1631702800.794353962
left recieved!, time: 1631702800.790873289
IMU recieved! time:1631702800.854308844
IMU recieved! time:1631702800.864316463
Track Stereo!
left image time: 1631702800.790873289
IMU[0] time: 1631702800.694214106
a: [0.000000000, 0.000000000, 0.000000000]
w: [-0.006969653, 0.120389462, -0.059492305]

IMU[1] time: 1631702800.704219818
a: [0.000000000, 0.000000000, 0.000000000]
w: [-0.018854268, 0.122023128, -0.050980691]

IMU[2] time: 1631702800.714227676
a: [0.000000000, 0.000000000, 0.000000000]
w: [-0.017597828, 0.114719734, -0.049954347]

IMU[3] time: 1631702800.724236965
a: [0.000000000, 0.000000000, 0.000000000]
w: [-0.003686955, 0.115888067, -0.036148373]

IMU[4] time: 1631702800.730501413
a: [-0.027978318, 0.035934400, -0.260965288]
w: [0.004840361, 0.115309924, -0.047103636]

IMU[5] time: 1631702800.734242916
a: [0.000000000, 0.000000000, 0.000000000]
w: [0.004840361, 0.115309924, -0.047103636]

IMU[6] time: 1631702800.744250298
a: [0.000000000, 0.000000000, 0.000000000]
w: [0.022222379, 0.109517761, -0.031550821]

IMU[7] time: 1631702800.754253864
a: [0.000000000, 0.000000000, 0.000000000]
w: [0.018994318, 0.101631567, -0.048519392]

IMU[8] time: 1631702800.764259338
a: [0.000000000, 0.000000000, 0.000000000]
w: [-0.007470950, 0.095406920, -0.043833412]

IMU[9] time: 1631702800.774266958
a: [0.000000000, 0.000000000, 0.000000000]
w: [0.015548028, 0.089530505, -0.045291886]

IMU[10] time: 1631702800.784270287
a: [0.000000000, 0.000000000, 0.000000000]
w: [0.015008686, 0.085323043, -0.036867853]

DVL[0] time: 1631702800.730501413
[-0.027978318, 0.035934400, -0.260965288]

IMU recieved! time:1631702800.874319792
IMU recieved! time:1631702800.884325266
IMU recieved! time:1631702800.894332886
IMU recieved! time:1631702800.904336452
IMU recieved! time:1631702800.914341688
DVL recieved! time:1631702800.927298784
IMU recieved! time:1631702800.924349070
IMU recieved! time:1631702800.934352875
left recieved!, time: 1631702800.890497923
IMU recieved! time:1631702800.944364309
right recieved!, time: 1631702800.894559145
IMU recieved! time:1631702800.954371929
IMU recieved! time:1631702800.964375496
Track Stereo!
left image time: 1631702800.890497923
IMU[0] time: 1631702800.794275522
a: [0.000000000, 0.000000000, 0.000000000]
w: [0.018235369, 0.085390493, -0.032702927]

IMU[1] time: 1631702800.804283381
a: [0.000000000, 0.000000000, 0.000000000]
w: [0.013052441, 0.081709325, -0.032373063]

IMU[2] time: 1631702800.814286947
a: [0.000000000, 0.000000000, 0.000000000]
w: [0.002522259, 0.078647688, -0.027217848]

IMU[3] time: 1631702800.824292421
a: [0.000000000, 0.000000000, 0.000000000]
w: [-0.020189319, 0.067998379, -0.037048582]

IMU[4] time: 1631702800.827818155
a: [-0.027978318, 0.035934400, -0.260965288]
w: [-0.006173343, 0.062687002, -0.031893600]

IMU[5] time: 1631702800.834299564
a: [0.000000000, 0.000000000, 0.000000000]
w: [-0.006173343, 0.062687002, -0.031893600]

IMU[6] time: 1631702800.844303370
a: [0.000000000, 0.000000000, 0.000000000]
w: [0.001709493, 0.054073669, -0.039176144]

IMU[7] time: 1631702800.854308844
a: [0.000000000, 0.000000000, 0.000000000]
w: [0.018743182, 0.053600565, -0.023621930]

IMU[8] time: 1631702800.864316463
a: [0.000000000, 0.000000000, 0.000000000]
w: [0.028382527, 0.051748894, -0.030965636]

IMU[9] time: 1631702800.874319792
a: [0.000000000, 0.000000000, 0.000000000]
w: [0.017197436, 0.050860275, -0.019424692]

IMU[10] time: 1631702800.884325266
a: [0.000000000, 0.000000000, 0.000000000]
w: [0.010436594, 0.047349226, -0.026277168]

DVL[0] time: 1631702800.827818155
[-0.027978318, 0.035934400, -0.260965288]

IMU recieved! time:1631702800.974380970
IMU recieved! time:1631702800.984388351
IMU recieved! time:1631702800.994392157
IMU recieved! time:1631702801.004397869
IMU recieved! time:1631702801.014405727
DVL recieved! time:1631702801.026509285
IMU recieved! time:1631702801.024408817
IMU recieved! time:1631702801.034414291
IMU recieved! time:1631702801.044421911
left recieved!, time: 1631702800.990525246
IMU recieved! time:1631702801.054425240
right recieved!, time: 1631702800.994494438
IMU recieved! time:1631702801.064430952
Track Stereo!
left image time: 1631702800.990525246
IMU[0] time: 1631702800.894332886
a: [0.000000000, 0.000000000, 0.000000000]
w: [-0.012088690, 0.040949803, -0.021686660]

IMU[1] time: 1631702800.904336452
a: [0.000000000, 0.000000000, 0.000000000]
w: [-0.008640038, 0.035775665, -0.025916262]

IMU[2] time: 1631702800.914341688
a: [0.000000000, 0.000000000, 0.000000000]
w: [-0.003706705, 0.028180402, -0.024521822]

IMU[3] time: 1631702800.924349070
a: [0.000000000, 0.000000000, 0.000000000]
w: [0.007204996, 0.026734443, -0.020197943]

IMU[4] time: 1631702800.927298784
a: [-0.016037205, 0.026030863, -0.265984297]
w: [0.000443417, 0.025431683, -0.018927809]

IMU[5] time: 1631702800.934352875
a: [0.000000000, 0.000000000, 0.000000000]
w: [0.000443417, 0.025431683, -0.018927809]

IMU[6] time: 1631702800.944364309
a: [0.000000000, 0.000000000, 0.000000000]
w: [0.008904885, 0.025449008, -0.011511057]

IMU[7] time: 1631702800.954371929
a: [0.000000000, 0.000000000, 0.000000000]
w: [0.001818137, 0.019134630, -0.020344963]

IMU[8] time: 1631702800.964375496
a: [0.000000000, 0.000000000, 0.000000000]
w: [0.004456654, 0.017427431, -0.010473790]

IMU[9] time: 1631702800.974380970
a: [0.000000000, 0.000000000, 0.000000000]
w: [0.015502892, 0.011488874, -0.020073157]

IMU[10] time: 1631702800.984388351
a: [0.000000000, 0.000000000, 0.000000000]
w: [0.014385587, 0.009740063, -0.007665040]

DVL[0] time: 1631702800.927298784
[-0.016037205, 0.026030863, -0.265984297]

IMU recieved! time:1631702801.074438334
IMU recieved! time:1631702801.084442139
IMU recieved! time:1631702801.094447374
IMU recieved! time:1631702801.104455233
IMU recieved! time:1631702801.114458561
DVL recieved! time:1631702801.126400232
IMU recieved! time:1631702801.124464035
IMU recieved! time:1631702801.134471416
IMU recieved! time:1631702801.144474983
right recieved!, time: 1631702801.094760418
IMU recieved! time:1631702801.154480457
left recieved!, time: 1631702801.090546846
IMU recieved! time:1631702801.164493799
IMU recieved! time:1631702801.174497366
Track Stereo!
left image time: 1631702801.090546846
IMU[0] time: 1631702800.994392157
a: [0.000000000, 0.000000000, 0.000000000]
w: [0.002114213, 0.004939837, -0.016620308]

IMU[1] time: 1631702801.004397869
a: [0.000000000, 0.000000000, 0.000000000]
w: [-0.011583502, 0.003680861, -0.009905390]

IMU[2] time: 1631702801.014405727
a: [0.000000000, 0.000000000, 0.000000000]
w: [-0.011942447, 0.003177786, -0.012261942]

IMU[3] time: 1631702801.024408817
a: [0.000000000, 0.000000000, 0.000000000]
w: [-0.020135645, 0.000320483, -0.009078950]

IMU[4] time: 1631702801.026509285
a: [-0.016037179, 0.026030874, -0.265984505]
w: [-0.000601472, -0.002356471, -0.011819361]

IMU[5] time: 1631702801.034414291
a: [0.000000000, 0.000000000, 0.000000000]
w: [-0.000601472, -0.002356471, -0.011819361]

IMU[6] time: 1631702801.044421911
a: [0.000000000, 0.000000000, 0.000000000]
w: [0.015343552, -0.006478117, -0.010023260]

IMU[7] time: 1631702801.054425240
a: [0.000000000, 0.000000000, 0.000000000]
w: [0.027880924, -0.007320261, -0.004334771]

IMU[8] time: 1631702801.064430952
a: [0.000000000, 0.000000000, 0.000000000]
w: [0.016504893, -0.010788286, -0.011240860]

IMU[9] time: 1631702801.074438334
a: [0.000000000, 0.000000000, 0.000000000]
w: [-0.001229042, -0.011995764, -0.000858288]

IMU[10] time: 1631702801.084442139
a: [0.000000000, 0.000000000, 0.000000000]
w: [-0.021761600, -0.016053410, -0.016095387]

DVL[0] time: 1631702801.026509285
[-0.016037179, 0.026030874, -0.265984505]

IMU recieved! time:1631702801.184502602
IMU recieved! time:1631702801.197506905
IMU recieved! time:1631702801.207513332
IMU recieved! time:1631702801.217515707
IMU recieved! time:1631702801.227520227
DVL recieved! time:1631702801.231445074
IMU recieved! time:1631702801.237526894
IMU recieved! time:1631702801.247529507
left recieved!, time: 1631702801.190707922
right recieved!, time: 1631702801.194810152
IMU recieved! time:1631702801.257533789
IMU recieved! time:1631702801.267540216
Track Stereo!
left image time: 1631702801.190707922
IMU[0] time: 1631702801.094447374
a: [0.000000000, 0.000000000, 0.000000000]
w: [-0.020432809, -0.014712891, 0.000764859]

IMU[1] time: 1631702801.104455233
a: [0.000000000, 0.000000000, 0.000000000]
w: [-0.005457880, -0.019293088, -0.012137220]

IMU[2] time: 1631702801.114458561
a: [0.000000000, 0.000000000, 0.000000000]
w: [0.006454237, -0.020479191, 0.001373495]

IMU[3] time: 1631702801.124464035
a: [0.000000000, 0.000000000, 0.000000000]
w: [0.018191893, -0.021143205, -0.004323292]

IMU[4] time: 1631702801.126400232
a: [-0.018990831, -0.006897816, -0.266996831]
w: [0.009963468, -0.022435909, 0.000503337]

IMU[5] time: 1631702801.134471416
a: [0.000000000, 0.000000000, 0.000000000]
w: [0.009963468, -0.022435909, 0.000503337]

IMU[6] time: 1631702801.144474983
a: [0.000000000, 0.000000000, 0.000000000]
w: [0.003563050, -0.022271838, -0.004473489]

IMU[7] time: 1631702801.154480457
a: [0.000000000, 0.000000000, 0.000000000]
w: [-0.017445255, -0.026123835, -0.005730637]

IMU[8] time: 1631702801.164493799
a: [0.000000000, 0.000000000, 0.000000000]
w: [-0.012024076, -0.025996201, 0.001202779]

IMU[9] time: 1631702801.174497366
a: [0.000000000, 0.000000000, 0.000000000]
w: [-0.007923909, -0.029256197, -0.002340104]

IMU[10] time: 1631702801.184502602
a: [0.000000000, 0.000000000, 0.000000000]
w: [0.005996537, -0.026332047, 0.005285007]

DVL[0] time: 1631702801.126400232
[-0.018990831, -0.006897816, -0.266996831]

IMU recieved! time:1631702801.277542830
IMU recieved! time:1631702801.287547112
IMU recieved! time:1631702801.297553301
IMU recieved! time:1631702801.307555914
IMU recieved! time:1631702801.317559958
DVL recieved! time:1631702801.327461481
IMU recieved! time:1631702801.327566385
IMU recieved! time:1631702801.337568521
IMU recieved! time:1631702801.347573042
right recieved!, time: 1631702801.295077801
left recieved!, time: 1631702801.294993162
IMU recieved! time:1631702801.357579470
IMU recieved! time:1631702801.367581844
Track Stereo!
left image time: 1631702801.294993162
IMU[0] time: 1631702801.197506905
a: [0.000000000, 0.000000000, 0.000000000]
w: [0.006261212, -0.029625753, 0.000505255]

IMU[1] time: 1631702801.207513332
a: [0.000000000, 0.000000000, 0.000000000]
w: [0.000595924, -0.027116006, 0.009679636]

IMU[2] time: 1631702801.217515707
a: [0.000000000, 0.000000000, 0.000000000]
w: [-0.017184094, -0.028735090, -0.008688221]

IMU[3] time: 1631702801.227520227
a: [0.000000000, 0.000000000, 0.000000000]
w: [-0.007587666, -0.028419828, 0.001448153]

IMU[4] time: 1631702801.231445074
a: [-0.018990831, -0.006897816, -0.266996831]
w: [-0.002655799, -0.032252073, -0.005161101]

IMU[5] time: 1631702801.237526894
a: [0.000000000, 0.000000000, 0.000000000]
w: [-0.002655799, -0.032252073, -0.005161101]

IMU[6] time: 1631702801.247529507
a: [0.000000000, 0.000000000, 0.000000000]
w: [0.002072788, -0.026314629, 0.009743876]

IMU[7] time: 1631702801.257533789
a: [0.000000000, 0.000000000, 0.000000000]
w: [0.002510323, -0.025882639, -0.002554990]

IMU[8] time: 1631702801.267540216
a: [0.000000000, 0.000000000, 0.000000000]
w: [-0.002966710, -0.025246235, 0.003405877]

IMU[9] time: 1631702801.277542830
a: [0.000000000, 0.000000000, 0.000000000]
w: [-0.007521028, -0.023430802, -0.003126945]

IMU[10] time: 1631702801.287547112
a: [0.000000000, 0.000000000, 0.000000000]
w: [-0.020195622, -0.020827688, 0.000961722]

DVL[0] time: 1631702801.231445074
[-0.018990831, -0.006897816, -0.266996831]

IMU recieved! time:1631702801.377592325
IMU recieved! time:1631702801.387598515
IMU recieved! time:1631702801.397601128
IMU recieved! time:1631702801.407605648
IMU recieved! time:1631702801.417611837
DVL recieved! time:1631702801.428037643
IMU recieved! time:1631702801.427613735
IMU recieved! time:1631702801.437617779
IMU recieved! time:1631702801.447623730
IMU recieved! time:1631702801.457625866
right recieved!, time: 1631702801.395168304
left recieved!, time: 1631702801.391076565
IMU recieved! time:1631702801.467630386
Track Stereo!
left image time: 1631702801.391076565
IMU[0] time: 1631702801.297553301
a: [0.000000000, 0.000000000, 0.000000000]
w: [-0.009713133, -0.019712763, -0.006336239]

IMU[1] time: 1631702801.307555914
a: [0.000000000, 0.000000000, 0.000000000]
w: [-0.002239012, -0.019665299, -0.003164832]

IMU[2] time: 1631702801.317559958
a: [0.000000000, 0.000000000, 0.000000000]
w: [0.011897371, -0.012693617, 0.001401655]

IMU[3] time: 1631702801.327461481
a: [-0.018990831, -0.006897816, -0.266996831]
w: [0.006099005, -0.008479211, -0.004883650]

IMU[4] time: 1631702801.327566385
a: [0.000000000, 0.000000000, 0.000000000]
w: [0.006099005, -0.008479211, -0.004883650]

IMU[5] time: 1631702801.337568521
a: [0.000000000, 0.000000000, 0.000000000]
w: [0.001274288, -0.004107913, -0.000732206]

IMU[6] time: 1631702801.347573042
a: [0.000000000, 0.000000000, 0.000000000]
w: [-0.011255680, -0.002077906, -0.012717250]

IMU[7] time: 1631702801.357579470
a: [0.000000000, 0.000000000, 0.000000000]
w: [-0.017736301, 0.003069735, -0.000295939]

IMU[8] time: 1631702801.367581844
a: [0.000000000, 0.000000000, 0.000000000]
w: [-0.015787492, 0.003615635, -0.014301333]

IMU[9] time: 1631702801.377592325
a: [0.000000000, 0.000000000, 0.000000000]
w: [-0.010708823, 0.009245982, -0.004702086]

IMU[10] time: 1631702801.387598515
a: [0.000000000, 0.000000000, 0.000000000]
w: [0.000053386, 0.015820459, -0.014879895]

DVL[0] time: 1631702801.327461481
[-0.018990831, -0.006897816, -0.266996831]

IMU recieved! time:1631702801.477636576
IMU recieved! time:1631702801.487638712
IMU recieved! time:1631702801.497643232
IMU recieved! time:1631702801.507649422
IMU recieved! time:1631702801.517651796
IMU recieved! time:1631702801.527656078
DVL recieved! time:1631702801.534501314
IMU recieved! time:1631702801.537662745
IMU recieved! time:1631702801.547664881
right recieved!, time: 1631702801.495288610
IMU recieved! time:1631702801.557668924
left recieved!, time: 1631702801.495300770
IMU recieved! time:1631702801.567674875
Track Stereo!
left image time: 1631702801.495300770
IMU[0] time: 1631702801.397601128
a: [0.000000000, 0.000000000, 0.000000000]
w: [0.001367594, 0.021453524, -0.007518701]

IMU[1] time: 1631702801.407605648
a: [0.000000000, 0.000000000, 0.000000000]
w: [0.001269600, 0.027462162, -0.012873091]

IMU[2] time: 1631702801.417611837
a: [0.000000000, 0.000000000, 0.000000000]
w: [-0.017835332, 0.030752270, -0.013125417]

IMU[3] time: 1631702801.427613735
a: [0.000000000, 0.000000000, 0.000000000]
w: [-0.009218022, 0.038451448, -0.009755864]

IMU[4] time: 1631702801.428037643
a: [-0.003049849, -0.010987210, -0.271984309]
w: [-0.004783203, 0.035258111, -0.016319364]

IMU[5] time: 1631702801.437617779
a: [0.000000000, 0.000000000, 0.000000000]
w: [-0.004783203, 0.035258111, -0.016319364]

IMU[6] time: 1631702801.447623730
a: [0.000000000, 0.000000000, 0.000000000]
w: [0.006013059, 0.037996121, -0.008392919]

IMU[7] time: 1631702801.457625866
a: [0.000000000, 0.000000000, 0.000000000]
w: [-0.001816732, 0.040106807, -0.018075768]

IMU[8] time: 1631702801.467630386
a: [0.000000000, 0.000000000, 0.000000000]
w: [-0.013672223, 0.041976575, -0.008699113]

IMU[9] time: 1631702801.477636576
a: [0.000000000, 0.000000000, 0.000000000]
w: [-0.021131989, 0.039079707, -0.021493273]

IMU[10] time: 1631702801.487638712
a: [0.000000000, 0.000000000, 0.000000000]
w: [-0.017394470, 0.040868066, -0.010797721]

DVL[0] time: 1631702801.428037643
[-0.003049849, -0.010987210, -0.271984309]

IMU recieved! time:1631702801.577676773
IMU recieved! time:1631702801.587680817
IMU recieved! time:1631702801.597692966
IMU recieved! time:1631702801.607701063
IMU recieved! time:1631702801.617704868
DVL recieved! time:1631702801.629038572
DVL recieved! time:1631702801.735235214
DVL recieved! time:1631702801.830217838
DVL recieved! time:1631702801.936078310
DVL recieved! time:1631702802.031335115
DVL recieved! time:1631702802.131379128
DVL recieved! time:1631702802.238147497
DVL recieved! time:1631702802.332804918
DVL recieved! time:1631702802.439295530
DVL recieved! time:1631702802.533620596
DVL recieved! time:1631702802.635907173
DVL recieved! time:1631702802.735263586
DVL recieved! time:1631702802.841982126
IMU recieved! time:1631702801.927832365
IMU recieved! time:1631702801.937834501
IMU recieved! time:1631702801.947838545
IMU recieved! time:1631702801.957844257
IMU recieved! time:1631702801.967846394
IMU recieved! time:1631702801.977850437
IMU recieved! time:1631702801.987856388
IMU recieved! time:1631702801.997858286
IMU recieved! time:1631702802.007862568
IMU recieved! time:1631702802.017874956
IMU recieved! time:1631702802.027877092
IMU recieved! time:1631702802.037881374
IMU recieved! time:1631702802.047887087
IMU recieved! time:1631702802.057888985
IMU recieved! time:1631702802.067893028
IMU recieved! time:1631702802.077898979
IMU recieved! time:1631702802.087901115
IMU recieved! time:1631702802.097905159
IMU recieved! time:1631702802.107910872
IMU recieved! time:1631702802.117913008
IMU recieved! time:1631702802.129915237
IMU recieved! time:1631702802.139919281
IMU recieved! time:1631702802.149925232
IMU recieved! time:1631702802.159927368
IMU recieved! time:1631702802.169931173
IMU recieved! time:1631702802.179937363
IMU recieved! time:1631702802.189939260
IMU recieved! time:1631702802.199942827
IMU recieved! time:1631702802.209949017
IMU recieved! time:1631702802.219950914
IMU recieved! time:1631702802.229960680
IMU recieved! time:1631702802.239966393
IMU recieved! time:1631702802.249968529
IMU recieved! time:1631702802.259972334
IMU recieved! time:1631702802.269978285
IMU recieved! time:1631702802.279980659
IMU recieved! time:1631702802.289984226
IMU recieved! time:1631702802.299990416
IMU recieved! time:1631702802.309992790
IMU recieved! time:1631702802.319996834
IMU recieved! time:1631702802.330002785
IMU recieved! time:1631702802.340004683
IMU recieved! time:1631702802.350008488
IMU recieved! time:1631702802.360014677
IMU recieved! time:1631702802.370016575
IMU recieved! time:1631702802.380020380
IMU recieved! time:1631702802.390026569
IMU recieved! time:1631702802.400028467
IMU recieved! time:1631702802.410032272
IMU recieved! time:1631702802.420038462
IMU recieved! time:1631702802.430040598
IMU recieved! time:1631702802.440044403
IMU recieved! time:1631702802.450056553
IMU recieved! time:1631702802.460058451
IMU recieved! time:1631702802.470062256
IMU recieved! time:1631702802.480068445
IMU recieved! time:1631702802.490070343
IMU recieved! time:1631702802.500074148
IMU recieved! time:1631702802.510080338
IMU recieved! time:1631702802.520082235
IMU recieved! time:1631702802.530086040
IMU recieved! time:1631702802.540092230
IMU recieved! time:1631702802.550094366
IMU recieved! time:1631702802.560097933
IMU recieved! time:1631702802.570104122
IMU recieved! time:1631702802.580106020
IMU recieved! time:1631702802.590110064
IMU recieved! time:1631702802.600115776
IMU recieved! time:1631702802.610117674
IMU recieved! time:1631702802.620121241
IMU recieved! time:1631702802.630127430
IMU recieved! time:1631702802.640129328
IMU recieved! time:1631702802.650133133
IMU recieved! time:1631702802.660139322
IMU recieved! time:1631702802.670147419
IMU recieved! time:1631702802.680151224
IMU recieved! time:1631702802.690157413
IMU recieved! time:1631702802.700159311
IMU recieved! time:1631702802.710162878
IMU recieved! time:1631702802.720168352
IMU recieved! time:1631702802.730170012
IMU recieved! time:1631702802.740173817
IMU recieved! time:1631702802.750179291
IMU recieved! time:1631702802.760180950
IMU recieved! time:1631702802.770184994
IMU recieved! time:1631702802.780190945
IMU recieved! time:1631702802.790192842
IMU recieved! time:1631702802.800196886
IMU recieved! time:1631702802.810202837
IMU recieved! time:1631702802.820204735
IMU recieved! time:1631702802.830208778
IMU recieved! time:1631702802.840214491
IMU recieved! time:1631702802.850215912
IMU recieved! time:1631702802.860219479
IMU recieved! time:1631702802.870224953
IMU recieved! time:1631702802.880226612
IMU recieved! time:1631702802.890236378
IMU recieved! time:1631702802.900241852
IMU recieved! time:1631702802.910243750
IMU recieved! time:1631702802.920247555
IMU recieved! time:1631702802.930253506
right recieved!, time: 1631702801.595447302
right recieved!, time: 1631702801.695657730
right recieved!, time: 1631702801.795731544
right recieved!, time: 1631702801.895834923
right recieved!, time: 1631702801.996143818
right recieved!, time: 1631702802.096281052
right recieved!, time: 1631702802.196336269
right recieved!, time: 1631702802.296604156
right recieved!, time: 1631702802.396681547
right recieved!, time: 1631702802.496839523
right recieved!, time: 1631702802.596962452
right recieved!, time: 1631702802.697100163
right recieved!, time: 1631702802.797149181
left recieved!, time: 1631702801.595473766
Track Stereo!
left image time: 1631702801.595473766
IMU[0] time: 1631702801.497643232
a: [0.000000000, 0.000000000, 0.000000000]
w: [-0.002504216, 0.040725499, -0.021021649]

IMU[1] time: 1631702801.507649422
a: [0.000000000, 0.000000000, 0.000000000]
w: [0.004123213, 0.041741990, -0.009264925]

IMU[2] time: 1631702801.517651796
a: [0.000000000, 0.000000000, 0.000000000]
w: [0.015058488, 0.041581575, -0.013654508]

IMU[3] time: 1631702801.527656078
a: [0.000000000, 0.000000000, 0.000000000]
w: [0.003026476, 0.042468257, -0.012000350]

IMU[4] time: 1631702801.534501314
a: [-0.003049849, -0.010987210, -0.271984309]
w: [-0.004378378, 0.041872147, -0.013301211]

IMU[5] time: 1631702801.537662745
a: [0.000000000, 0.000000000, 0.000000000]
w: [-0.004378378, 0.041872147, -0.013301211]

IMU[6] time: 1631702801.547664881
a: [0.000000000, 0.000000000, 0.000000000]
w: [-0.027776159, 0.036125738, -0.019922253]

IMU[7] time: 1631702801.557668924
a: [0.000000000, 0.000000000, 0.000000000]
w: [-0.021243686, 0.038053866, -0.011120224]

IMU[8] time: 1631702801.567674875
a: [0.000000000, 0.000000000, 0.000000000]
w: [-0.008898940, 0.032957464, -0.020824624]

IMU[9] time: 1631702801.577676773
a: [0.000000000, 0.000000000, 0.000000000]
w: [0.006469367, 0.034382664, -0.004061894]

IMU[10] time: 1631702801.587680817
a: [0.000000000, 0.000000000, 0.000000000]
w: [0.007535459, 0.035856791, -0.013755821]

DVL[0] time: 1631702801.534501314
[-0.003049849, -0.010987210, -0.271984309]

left recieved!, time: 1631702801.695688486
left recieved!, time: 1631702801.795773983
left recieved!, time: 1631702801.895893097
left recieved!, time: 1631702801.991945982
left recieved!, time: 1631702802.096301794
Track Stereo!
left image time: 1631702801.695688486
IMU[0] time: 1631702801.597692966
a: [0.000000000, 0.000000000, 0.000000000]
w: [0.003304745, 0.036379505, -0.003538447]

IMU[1] time: 1631702801.607701063
a: [0.000000000, 0.000000000, 0.000000000]
w: [-0.004948567, 0.031872753, -0.015698893]

IMU[2] time: 1631702801.617704868
a: [0.000000000, 0.000000000, 0.000000000]
w: [-0.020589430, 0.029047605, -0.008868653]

IMU[3] time: 1631702801.629038572
a: [0.010955986, -0.016981162, -0.271999955]
w: [-0.020589430, 0.029047605, -0.008868653]

DVL[0] time: 1631702801.629038572
[0.010955986, -0.016981162, -0.271999955]

left recieved!, time: 1631702802.192198753
left recieved!, time: 1631702802.292724848
left recieved!, time: 1631702802.397066355
left recieved!, time: 1631702802.496785879
left recieved!, time: 1631702802.598061562
no IMU measurement between Frames!
no IMU measurement between Frames!
Track Stereo!
left image time: 1631702801.991945982
IMU[0] time: 1631702801.927832365
a: [0.000000000, 0.000000000, 0.000000000]
w: [-0.006255925, -0.026411826, 0.020762734]

IMU[1] time: 1631702801.936078310
a: [0.019971827, -0.031953204, -0.271003127]
w: [-0.017244374, -0.031311754, 0.006542379]

IMU[2] time: 1631702801.937834501
a: [0.000000000, 0.000000000, 0.000000000]
w: [-0.017244374, -0.031311754, 0.006542379]

IMU[3] time: 1631702801.947838545
a: [0.000000000, 0.000000000, 0.000000000]
w: [-0.012808910, -0.029878143, 0.016605183]

IMU[4] time: 1631702801.957844257
a: [0.000000000, 0.000000000, 0.000000000]
w: [0.008395031, -0.033813365, 0.010259210]

IMU[5] time: 1631702801.967846394
a: [0.000000000, 0.000000000, 0.000000000]
w: [0.010681841, -0.032305200, 0.021279704]

IMU[6] time: 1631702801.977850437
a: [0.000000000, 0.000000000, 0.000000000]
w: [0.013503811, -0.033422999, 0.013886764]

IMU[7] time: 1631702801.987856388
a: [0.000000000, 0.000000000, 0.000000000]
w: [-0.000276987, -0.033957370, 0.020674311]

DVL[0] time: 1631702801.936078310
[0.019971827, -0.031953204, -0.271003127]

left recieved!, time: 1631702802.695087194
left recieved!, time: 1631702802.793085814
Track Stereo!
left image time: 1631702802.096301794
IMU[0] time: 1631702801.997858286
a: [0.000000000, 0.000000000, 0.000000000]
w: [-0.005362152, -0.035719372, 0.017119523]

IMU[1] time: 1631702802.007862568
a: [0.000000000, 0.000000000, 0.000000000]
w: [-0.023708964, -0.038650330, 0.013647264]

IMU[2] time: 1631702802.017874956
a: [0.000000000, 0.000000000, 0.000000000]
w: [-0.009959258, -0.037579138, 0.022738740]

IMU[3] time: 1631702802.027877092
a: [0.000000000, 0.000000000, 0.000000000]
w: [-0.001661074, -0.043802835, 0.011248325]

IMU[4] time: 1631702802.031335115
a: [0.019971818, -0.031953208, -0.271003038]
w: [0.011048220, -0.039715454, 0.026897598]

IMU[5] time: 1631702802.037881374
a: [0.000000000, 0.000000000, 0.000000000]
w: [0.011048220, -0.039715454, 0.026897598]

IMU[6] time: 1631702802.047887087
a: [0.000000000, 0.000000000, 0.000000000]
w: [0.011023745, -0.042192876, 0.012875969]

IMU[7] time: 1631702802.057888985
a: [0.000000000, 0.000000000, 0.000000000]
w: [0.001963325, -0.041493267, 0.028559906]

IMU[8] time: 1631702802.067893028
a: [0.000000000, 0.000000000, 0.000000000]
w: [-0.011448037, -0.042773347, 0.014255523]

IMU[9] time: 1631702802.077898979
a: [0.000000000, 0.000000000, 0.000000000]
w: [-0.022689769, -0.044422675, 0.025293669]

IMU[10] time: 1631702802.087901115
a: [0.000000000, 0.000000000, 0.000000000]
w: [-0.007332652, -0.046391536, 0.014798115]

DVL[0] time: 1631702802.031335115
[0.019971818, -0.031953208, -0.271003038]

Track Stereo!
left image time: 1631702802.192198753
IMU[0] time: 1631702802.097905159
a: [0.000000000, 0.000000000, 0.000000000]
w: [-0.004249197, -0.046484668, 0.024910433]

IMU[1] time: 1631702802.107910872
a: [0.000000000, 0.000000000, 0.000000000]
w: [0.011708195, -0.048346169, 0.021962654]

IMU[2] time: 1631702802.117913008
a: [0.000000000, 0.000000000, 0.000000000]
w: [0.002997185, -0.049228899, 0.021970335]

IMU[3] time: 1631702802.129915237
a: [0.000000000, 0.000000000, 0.000000000]
w: [-0.000159347, -0.048612203, 0.021617789]

IMU[4] time: 1631702802.131379128
a: [0.013021588, -0.040971972, -0.262028009]
w: [-0.025779579, -0.050042603, 0.021282392]

IMU[5] time: 1631702802.139919281
a: [0.000000000, 0.000000000, 0.000000000]
w: [-0.025779579, -0.050042603, 0.021282392]

IMU[6] time: 1631702802.149925232
a: [0.000000000, 0.000000000, 0.000000000]
w: [-0.017538443, -0.050258715, 0.023571474]

IMU[7] time: 1631702802.159927368
a: [0.000000000, 0.000000000, 0.000000000]
w: [-0.007887597, -0.054359108, 0.017051116]

IMU[8] time: 1631702802.169931173
a: [0.000000000, 0.000000000, 0.000000000]
w: [0.009319840, -0.051832482, 0.030138787]

IMU[9] time: 1631702802.179937363
a: [0.000000000, 0.000000000, 0.000000000]
w: [0.004255667, -0.054934356, 0.017609105]

IMU[10] time: 1631702802.189939260
a: [0.000000000, 0.000000000, 0.000000000]
w: [-0.003377087, -0.053458434, 0.032699835]

DVL[0] time: 1631702802.131379128
[0.013021588, -0.040971972, -0.262028009]

Track Stereo!
left image time: 1631702802.292724848
IMU[0] time: 1631702802.199942827
a: [0.000000000, 0.000000000, 0.000000000]
w: [-0.014754553, -0.057793677, 0.014163690]

IMU[1] time: 1631702802.209949017
a: [0.000000000, 0.000000000, 0.000000000]
w: [-0.020359039, -0.055670280, 0.030852426]

IMU[2] time: 1631702802.219950914
a: [0.000000000, 0.000000000, 0.000000000]
w: [-0.011636036, -0.058060855, 0.017664259]

IMU[3] time: 1631702802.229960680
a: [0.000000000, 0.000000000, 0.000000000]
w: [-0.009980809, -0.058166336, 0.028675079]

IMU[4] time: 1631702802.238147497
a: [0.013021588, -0.040971972, -0.262028009]
w: [0.004736078, -0.057871666, 0.022758201]

IMU[5] time: 1631702802.239966393
a: [0.000000000, 0.000000000, 0.000000000]
w: [0.004736078, -0.057871666, 0.022758201]

IMU[6] time: 1631702802.249968529
a: [0.000000000, 0.000000000, 0.000000000]
w: [-0.001798011, -0.057386901, 0.028918682]

IMU[7] time: 1631702802.259972334
a: [0.000000000, 0.000000000, 0.000000000]
w: [-0.002841443, -0.057227962, 0.024999946]

IMU[8] time: 1631702802.269978285
a: [0.000000000, 0.000000000, 0.000000000]
w: [-0.023607930, -0.060402956, 0.020657828]

IMU[9] time: 1631702802.279980659
a: [0.000000000, 0.000000000, 0.000000000]
w: [-0.015227212, -0.059475958, 0.024563057]

IMU[10] time: 1631702802.289984226
a: [0.000000000, 0.000000000, 0.000000000]
w: [-0.008248187, -0.064554371, 0.021304287]

DVL[0] time: 1631702802.238147497
[0.013021588, -0.040971972, -0.262028009]

Track Stereo!
left image time: 1631702802.397066355
IMU[0] time: 1631702802.299990416
a: [0.000000000, 0.000000000, 0.000000000]
w: [0.001990103, -0.061921217, 0.032872919]

IMU[1] time: 1631702802.309992790
a: [0.000000000, 0.000000000, 0.000000000]
w: [-0.005712711, -0.063854203, 0.019432146]

IMU[2] time: 1631702802.319996834
a: [0.000000000, 0.000000000, 0.000000000]
w: [-0.011260053, -0.061943036, 0.033970423]

IMU[3] time: 1631702802.330002785
a: [0.000000000, 0.000000000, 0.000000000]
w: [-0.013009626, -0.063940488, 0.019676480]

IMU[4] time: 1631702802.332804918
a: [0.013021588, -0.040971972, -0.262028009]
w: [-0.020281140, -0.062808655, 0.032605618]

IMU[5] time: 1631702802.340004683
a: [0.000000000, 0.000000000, 0.000000000]
w: [-0.020281140, -0.062808655, 0.032605618]

IMU[6] time: 1631702802.350008488
a: [0.000000000, 0.000000000, 0.000000000]
w: [-0.009447193, -0.066372767, 0.020384783]

IMU[7] time: 1631702802.360014677
a: [0.000000000, 0.000000000, 0.000000000]
w: [-0.009206480, -0.064611137, 0.028909296]

IMU[8] time: 1631702802.370016575
a: [0.000000000, 0.000000000, 0.000000000]
w: [0.001770334, -0.065224528, 0.025337331]

IMU[9] time: 1631702802.380020380
a: [0.000000000, 0.000000000, 0.000000000]
w: [-0.007889936, -0.065887488, 0.027800575]

IMU[10] time: 1631702802.390026569
a: [0.000000000, 0.000000000, 0.000000000]
w: [-0.009812828, -0.063951299, 0.026921252]

DVL[0] time: 1631702802.332804918
[0.013021588, -0.040971972, -0.262028009]

Track Stereo!
left image time: 1631702802.496785879
IMU[0] time: 1631702802.400028467
a: [0.000000000, 0.000000000, 0.000000000]
w: [-0.027392868, -0.068477765, 0.023240460]

IMU[1] time: 1631702802.410032272
a: [0.000000000, 0.000000000, 0.000000000]
w: [-0.022067985, -0.065203860, 0.030003713]

IMU[2] time: 1631702802.420038462
a: [0.000000000, 0.000000000, 0.000000000]
w: [-0.013223198, -0.071237512, 0.021375341]

IMU[3] time: 1631702802.430040598
a: [0.000000000, 0.000000000, 0.000000000]
w: [-0.003775119, -0.066069819, 0.036455411]

IMU[4] time: 1631702802.439295530
a: [0.017984331, -0.049971566, -0.259009570]
w: [-0.002388635, -0.069685966, 0.022265835]

IMU[5] time: 1631702802.440044403
a: [0.000000000, 0.000000000, 0.000000000]
w: [-0.002388635, -0.069685966, 0.022265835]

IMU[6] time: 1631702802.450056553
a: [0.000000000, 0.000000000, 0.000000000]
w: [-0.012353879, -0.065792680, 0.035126343]

IMU[7] time: 1631702802.460058451
a: [0.000000000, 0.000000000, 0.000000000]
w: [-0.016641840, -0.068243340, 0.020912873]

IMU[8] time: 1631702802.470062256
a: [0.000000000, 0.000000000, 0.000000000]
w: [-0.027181115, -0.066840477, 0.033193819]

IMU[9] time: 1631702802.480068445
a: [0.000000000, 0.000000000, 0.000000000]
w: [-0.012534115, -0.067890160, 0.022701951]

IMU[10] time: 1631702802.490070343
a: [0.000000000, 0.000000000, 0.000000000]
w: [-0.013825159, -0.069305234, 0.033234507]

DVL[0] time: 1631702802.439295530
[0.017984331, -0.049971566, -0.259009570]

Track Stereo!
left image time: 1631702802.598061562
IMU[0] time: 1631702802.500074148
a: [0.000000000, 0.000000000, 0.000000000]
w: [-0.007978289, -0.066630647, 0.031324223]

IMU[1] time: 1631702802.510080338
a: [0.000000000, 0.000000000, 0.000000000]
w: [-0.015822312, -0.068561926, 0.028680889]

IMU[2] time: 1631702802.520082235
a: [0.000000000, 0.000000000, 0.000000000]
w: [-0.016788371, -0.066858619, 0.032427099]

IMU[3] time: 1631702802.530086040
a: [0.000000000, 0.000000000, 0.000000000]
w: [-0.027344238, -0.070310757, 0.025304180]

IMU[4] time: 1631702802.533620596
a: [0.017984331, -0.049971566, -0.259009570]
w: [-0.019552229, -0.066952348, 0.035198107]

IMU[5] time: 1631702802.540092230
a: [0.000000000, 0.000000000, 0.000000000]
w: [-0.019552229, -0.066952348, 0.035198107]

IMU[6] time: 1631702802.550094366
a: [0.000000000, 0.000000000, 0.000000000]
w: [-0.009032296, -0.072621107, 0.022287184]

IMU[7] time: 1631702802.560097933
a: [0.000000000, 0.000000000, 0.000000000]
w: [-0.004150886, -0.069389477, 0.037843093]

IMU[8] time: 1631702802.570104122
a: [0.000000000, 0.000000000, 0.000000000]
w: [-0.007101700, -0.069328785, 0.024598295]

IMU[9] time: 1631702802.580106020
a: [0.000000000, 0.000000000, 0.000000000]
w: [-0.023693183, -0.067644425, 0.037294820]

IMU[10] time: 1631702802.590110064
a: [0.000000000, 0.000000000, 0.000000000]
w: [-0.029023843, -0.070380934, 0.024863126]

DVL[0] time: 1631702802.533620596
[0.017984331, -0.049971566, -0.259009570]

Track Stereo!
left image time: 1631702802.695087194
IMU[0] time: 1631702802.600115776
a: [0.000000000, 0.000000000, 0.000000000]
w: [-0.039234597, -0.068016566, 0.035046358]

IMU[1] time: 1631702802.610117674
a: [0.000000000, 0.000000000, 0.000000000]
w: [-0.015620787, -0.069061004, 0.025952125]

IMU[2] time: 1631702802.620121241
a: [0.000000000, 0.000000000, 0.000000000]
w: [-0.005907460, -0.071717881, 0.031207588]

IMU[3] time: 1631702802.630127430
a: [0.000000000, 0.000000000, 0.000000000]
w: [0.002893479, -0.069076046, 0.034180537]

IMU[4] time: 1631702802.635907173
a: [0.015009376, -0.049003053, -0.254015803]
w: [-0.010038266, -0.068916641, 0.029245697]

IMU[5] time: 1631702802.640129328
a: [0.000000000, 0.000000000, 0.000000000]
w: [-0.010038266, -0.068916641, 0.029245697]

IMU[6] time: 1631702802.650133133
a: [0.000000000, 0.000000000, 0.000000000]
w: [-0.019129610, -0.067027189, 0.037479643]

IMU[7] time: 1631702802.660139322
a: [0.000000000, 0.000000000, 0.000000000]
w: [-0.034011129, -0.071426705, 0.023121273]

IMU[8] time: 1631702802.670147419
a: [0.000000000, 0.000000000, 0.000000000]
w: [-0.030251123, -0.069388516, 0.034196962]

IMU[9] time: 1631702802.680151224
a: [0.000000000, 0.000000000, 0.000000000]
w: [-0.018348895, -0.073737718, 0.023976570]

IMU[10] time: 1631702802.690157413
a: [0.000000000, 0.000000000, 0.000000000]
w: [-0.012844386, -0.070509262, 0.038296755]

DVL[0] time: 1631702802.635907173
[0.015009376, -0.049003053, -0.254015803]

Track Stereo!
left image time: 1631702802.793085814
IMU[0] time: 1631702802.700159311
a: [0.000000000, 0.000000000, 0.000000000]
w: [-0.005598283, -0.071462579, 0.026186343]

IMU[1] time: 1631702802.710162878
a: [0.000000000, 0.000000000, 0.000000000]
w: [-0.013892547, -0.069248177, 0.039215457]

IMU[2] time: 1631702802.720168352
a: [0.000000000, 0.000000000, 0.000000000]
w: [-0.016987033, -0.070130773, 0.024101112]

IMU[3] time: 1631702802.730170012
a: [0.000000000, 0.000000000, 0.000000000]
w: [-0.030813776, -0.070205308, 0.032425027]

IMU[4] time: 1631702802.735263586
a: [0.015009376, -0.049003053, -0.254015803]
w: [-0.019195024, -0.070584498, 0.029782144]

IMU[5] time: 1631702802.740173817
a: [0.000000000, 0.000000000, 0.000000000]
w: [-0.019195024, -0.070584498, 0.029782144]

IMU[6] time: 1631702802.750179291
a: [0.000000000, 0.000000000, 0.000000000]
w: [-0.017860612, -0.071078233, 0.030398292]

IMU[7] time: 1631702802.760180950
a: [0.000000000, 0.000000000, 0.000000000]
w: [-0.003543326, -0.069690481, 0.035741728]

IMU[8] time: 1631702802.770184994
a: [0.000000000, 0.000000000, 0.000000000]
w: [-0.007357632, -0.071211107, 0.028827762]

IMU[9] time: 1631702802.780190945
a: [0.000000000, 0.000000000, 0.000000000]
w: [-0.014024074, -0.067429818, 0.039572217]

IMU[10] time: 1631702802.790192842
a: [0.000000000, 0.000000000, 0.000000000]
w: [-0.029262757, -0.072838828, 0.024215292]

DVL[0] time: 1631702802.735263586
[0.015009376, -0.049003053, -0.254015803]

